The system is: Linux - 5.13.0-44-generic - x86_64
Compiling the C compiler identification source file "CMakeCCompilerId.c" succeeded.
Compiler: /usr/bin/cc 
Build flags: -O2;-fPIC;-march=native;-mavx2
Id flags:  

The output was:
0


Compilation of the C compiler identification source "CMakeCCompilerId.c" produced "a.out"

The C compiler identification is GNU, found in "/home/quake/Projects/TStk/stk/build/CMakeFiles/3.23.20220404-gfd46a55/CompilerIdC/a.out"

Compiling the CXX compiler identification source file "CMakeCXXCompilerId.cpp" succeeded.
Compiler: /usr/bin/c++ 
Build flags: -O2;-fPIC;-march=native;-mavx2
Id flags:  

The output was:
0


Compilation of the CXX compiler identification source "CMakeCXXCompilerId.cpp" produced "a.out"

The CXX compiler identification is GNU, found in "/home/quake/Projects/TStk/stk/build/CMakeFiles/3.23.20220404-gfd46a55/CompilerIdCXX/a.out"

Detecting C compiler ABI info compiled with the following output:
Change Dir: /home/quake/Projects/TStk/stk/build/CMakeFiles/CMakeTmp

Run Build Command(s):/usr/bin/make -f Makefile cmTC_9401f/fast && /usr/bin/make  -f CMakeFiles/cmTC_9401f.dir/build.make CMakeFiles/cmTC_9401f.dir/build
make[1]: Entering directory '/home/quake/Projects/TStk/stk/build/CMakeFiles/CMakeTmp'
Building C object CMakeFiles/cmTC_9401f.dir/CMakeCCompilerABI.c.o
/usr/bin/cc   -O2 -fPIC -march=native -mavx2    -v -o CMakeFiles/cmTC_9401f.dir/CMakeCCompilerABI.c.o -c /usr/local/share/cmake-3.23/Modules/CMakeCCompilerABI.c
Using built-in specs.
COLLECT_GCC=/usr/bin/cc
OFFLOAD_TARGET_NAMES=nvptx-none:hsa
OFFLOAD_TARGET_DEFAULT=1
Target: x86_64-linux-gnu
Configured with: ../src/configure -v --with-pkgversion='Ubuntu 9.4.0-1ubuntu1~20.04.1' --with-bugurl=file:///usr/share/doc/gcc-9/README.Bugs --enable-languages=c,ada,c++,go,brig,d,fortran,objc,obj-c++,gm2 --prefix=/usr --with-gcc-major-version-only --program-suffix=-9 --program-prefix=x86_64-linux-gnu- --enable-shared --enable-linker-build-id --libexecdir=/usr/lib --without-included-gettext --enable-threads=posix --libdir=/usr/lib --enable-nls --enable-clocale=gnu --enable-libstdcxx-debug --enable-libstdcxx-time=yes --with-default-libstdcxx-abi=new --enable-gnu-unique-object --disable-vtable-verify --enable-plugin --enable-default-pie --with-system-zlib --with-target-system-zlib=auto --enable-objc-gc=auto --enable-multiarch --disable-werror --with-arch-32=i686 --with-abi=m64 --with-multilib-list=m32,m64,mx32 --enable-multilib --with-tune=generic --enable-offload-targets=nvptx-none=/build/gcc-9-Av3uEd/gcc-9-9.4.0/debian/tmp-nvptx/usr,hsa --without-cuda-driver --enable-checking=release --build=x86_64-linux-gnu --host=x86_64-linux-gnu --target=x86_64-linux-gnu
Thread model: posix
gcc version 9.4.0 (Ubuntu 9.4.0-1ubuntu1~20.04.1) 
COLLECT_GCC_OPTIONS='-O2' '-fPIC' '-march=native' '-mavx2' '-v' '-o' 'CMakeFiles/cmTC_9401f.dir/CMakeCCompilerABI.c.o' '-c'
 /usr/lib/gcc/x86_64-linux-gnu/9/cc1 -quiet -v -imultiarch x86_64-linux-gnu /usr/local/share/cmake-3.23/Modules/CMakeCCompilerABI.c -march=haswell -mmmx -mno-3dnow -msse -msse2 -msse3 -mssse3 -mno-sse4a -mcx16 -msahf -mmovbe -maes -mno-sha -mpclmul -mpopcnt -mabm -mno-lwp -mfma -mno-fma4 -mno-xop -mbmi -mno-sgx -mbmi2 -mno-pconfig -mno-wbnoinvd -mno-tbm -mavx -mavx2 -msse4.2 -msse4.1 -mlzcnt -mno-rtm -mno-hle -mrdrnd -mf16c -mfsgsbase -mno-rdseed -mno-prfchw -mno-adx -mfxsr -mxsave -mxsaveopt -mno-avx512f -mno-avx512er -mno-avx512cd -mno-avx512pf -mno-prefetchwt1 -mno-clflushopt -mno-xsavec -mno-xsaves -mno-avx512dq -mno-avx512bw -mno-avx512vl -mno-avx512ifma -mno-avx512vbmi -mno-avx5124fmaps -mno-avx5124vnniw -mno-clwb -mno-mwaitx -mno-clzero -mno-pku -mno-rdpid -mno-gfni -mno-shstk -mno-avx512vbmi2 -mno-avx512vnni -mno-vaes -mno-vpclmulqdq -mno-avx512bitalg -mno-avx512vpopcntdq -mno-movdiri -mno-movdir64b -mno-waitpkg -mno-cldemote -mno-ptwrite --param l1-cache-size=32 --param l1-cache-line-size=64 --param l2-cache-size=10240 -mtune=haswell -quiet -dumpbase CMakeCCompilerABI.c -mavx2 -auxbase-strip CMakeFiles/cmTC_9401f.dir/CMakeCCompilerABI.c.o -O2 -version -fPIC -fasynchronous-unwind-tables -fstack-protector-strong -Wformat -Wformat-security -fstack-clash-protection -fcf-protection -o /tmp/ccyj85sh.s
GNU C17 (Ubuntu 9.4.0-1ubuntu1~20.04.1) version 9.4.0 (x86_64-linux-gnu)
	compiled by GNU C version 9.4.0, GMP version 6.2.0, MPFR version 4.0.2, MPC version 1.1.0, isl version isl-0.22.1-GMP

GGC heuristics: --param ggc-min-expand=100 --param ggc-min-heapsize=131072
ignoring nonexistent directory "/usr/local/include/x86_64-linux-gnu"
ignoring nonexistent directory "/usr/lib/gcc/x86_64-linux-gnu/9/include-fixed"
ignoring nonexistent directory "/usr/lib/gcc/x86_64-linux-gnu/9/../../../../x86_64-linux-gnu/include"
ignoring duplicate directory "/opt/intel/oneapi/ipp/2021.5.2/include"
#include "..." search starts here:
#include <...> search starts here:
 /opt/intel/oneapi/tbb/2021.5.1/env/../include
 /opt/intel/oneapi/mpi/2021.5.1//include
 /opt/intel/oneapi/mkl/2022.0.2/include
 /opt/intel/oneapi/ipp/2021.5.2/include
 /opt/intel/oneapi/ippcp/2021.5.1/include
 /opt/intel/oneapi/dpl/2021.6.0/linux/include
 /opt/intel/oneapi/dpcpp-ct/2022.0.0/include
 /opt/intel/oneapi/dnnl/2022.0.2/cpu_dpcpp_gpu_dpcpp/lib
 /opt/intel/oneapi/dev-utilities/2021.5.2/include
 /opt/intel/oneapi/dal/2021.5.3/include
 /opt/intel/oneapi/ccl/2021.5.1/include/cpu_gpu_dpcpp
 /usr/lib/gcc/x86_64-linux-gnu/9/include
 /usr/local/include
 /usr/include/x86_64-linux-gnu
 /usr/include
End of search list.
GNU C17 (Ubuntu 9.4.0-1ubuntu1~20.04.1) version 9.4.0 (x86_64-linux-gnu)
	compiled by GNU C version 9.4.0, GMP version 6.2.0, MPFR version 4.0.2, MPC version 1.1.0, isl version isl-0.22.1-GMP

GGC heuristics: --param ggc-min-expand=100 --param ggc-min-heapsize=131072
Compiler executable checksum: c0c95c0b4209efec1c1892d5ff24030b
COLLECT_GCC_OPTIONS='-O2' '-fPIC' '-march=native' '-mavx2' '-v' '-o' 'CMakeFiles/cmTC_9401f.dir/CMakeCCompilerABI.c.o' '-c'
 as -v --64 -o CMakeFiles/cmTC_9401f.dir/CMakeCCompilerABI.c.o /tmp/ccyj85sh.s
GNU assembler version 2.34 (x86_64-linux-gnu) using BFD version (GNU Binutils for Ubuntu) 2.34
COMPILER_PATH=/usr/lib/gcc/x86_64-linux-gnu/9/:/usr/lib/gcc/x86_64-linux-gnu/9/:/usr/lib/gcc/x86_64-linux-gnu/:/usr/lib/gcc/x86_64-linux-gnu/9/:/usr/lib/gcc/x86_64-linux-gnu/
LIBRARY_PATH=/opt/intel/oneapi/mpi/2021.5.1//libfabric/lib/../lib/:/opt/intel/oneapi/mpi/2021.5.1//lib/../lib/:/opt/intel/oneapi/dnnl/2022.0.2/cpu_dpcpp_gpu_dpcpp/lib/../lib/:/opt/intel/oneapi/compiler/2022.0.2/linux/lib/../lib/:/usr/lib/gcc/x86_64-linux-gnu/9/:/usr/lib/gcc/x86_64-linux-gnu/9/../../../x86_64-linux-gnu/:/usr/lib/gcc/x86_64-linux-gnu/9/../../../../lib/:/lib/x86_64-linux-gnu/:/lib/../lib/:/usr/lib/x86_64-linux-gnu/:/usr/lib/../lib/:/opt/intel/oneapi/tbb/2021.5.1/env/../lib/intel64/gcc4.8/:/opt/intel/oneapi/mpi/2021.5.1//libfabric/lib/:/opt/intel/oneapi/mpi/2021.5.1//lib/release/:/opt/intel/oneapi/mpi/2021.5.1//lib/:/opt/intel/oneapi/mkl/2022.0.2/lib/intel64/:/opt/intel/oneapi/ipp/2021.5.2/lib/intel64/:/opt/intel/oneapi/ippcp/2021.5.1/lib/intel64/:/opt/intel/oneapi/ipp/2021.5.2/lib/intel64/:/opt/intel/oneapi/dnnl/2022.0.2/cpu_dpcpp_gpu_dpcpp/lib/:/opt/intel/oneapi/dal/2021.5.3/lib/intel64/:/opt/intel/oneapi/compiler/2022.0.2/linux/compiler/lib/intel64_lin/:/opt/intel/oneapi/compiler/2022.0.2/linux/lib/:/opt/intel/oneapi/ccl/2021.5.1/lib/cpu_gpu_dpcpp/:/usr/lib/gcc/x86_64-linux-gnu/9/../../../:/lib/:/usr/lib/
COLLECT_GCC_OPTIONS='-O2' '-fPIC' '-march=native' '-mavx2' '-v' '-o' 'CMakeFiles/cmTC_9401f.dir/CMakeCCompilerABI.c.o' '-c'
Linking C executable cmTC_9401f
/usr/local/bin/cmake -E cmake_link_script CMakeFiles/cmTC_9401f.dir/link.txt --verbose=1
/usr/bin/cc -O2 -fPIC -march=native -mavx2   -v -rdynamic CMakeFiles/cmTC_9401f.dir/CMakeCCompilerABI.c.o -o cmTC_9401f 
Using built-in specs.
COLLECT_GCC=/usr/bin/cc
COLLECT_LTO_WRAPPER=/usr/lib/gcc/x86_64-linux-gnu/9/lto-wrapper
OFFLOAD_TARGET_NAMES=nvptx-none:hsa
OFFLOAD_TARGET_DEFAULT=1
Target: x86_64-linux-gnu
Configured with: ../src/configure -v --with-pkgversion='Ubuntu 9.4.0-1ubuntu1~20.04.1' --with-bugurl=file:///usr/share/doc/gcc-9/README.Bugs --enable-languages=c,ada,c++,go,brig,d,fortran,objc,obj-c++,gm2 --prefix=/usr --with-gcc-major-version-only --program-suffix=-9 --program-prefix=x86_64-linux-gnu- --enable-shared --enable-linker-build-id --libexecdir=/usr/lib --without-included-gettext --enable-threads=posix --libdir=/usr/lib --enable-nls --enable-clocale=gnu --enable-libstdcxx-debug --enable-libstdcxx-time=yes --with-default-libstdcxx-abi=new --enable-gnu-unique-object --disable-vtable-verify --enable-plugin --enable-default-pie --with-system-zlib --with-target-system-zlib=auto --enable-objc-gc=auto --enable-multiarch --disable-werror --with-arch-32=i686 --with-abi=m64 --with-multilib-list=m32,m64,mx32 --enable-multilib --with-tune=generic --enable-offload-targets=nvptx-none=/build/gcc-9-Av3uEd/gcc-9-9.4.0/debian/tmp-nvptx/usr,hsa --without-cuda-driver --enable-checking=release --build=x86_64-linux-gnu --host=x86_64-linux-gnu --target=x86_64-linux-gnu
Thread model: posix
gcc version 9.4.0 (Ubuntu 9.4.0-1ubuntu1~20.04.1) 
COMPILER_PATH=/usr/lib/gcc/x86_64-linux-gnu/9/:/usr/lib/gcc/x86_64-linux-gnu/9/:/usr/lib/gcc/x86_64-linux-gnu/:/usr/lib/gcc/x86_64-linux-gnu/9/:/usr/lib/gcc/x86_64-linux-gnu/
LIBRARY_PATH=/opt/intel/oneapi/mpi/2021.5.1//libfabric/lib/../lib/:/opt/intel/oneapi/mpi/2021.5.1//lib/../lib/:/opt/intel/oneapi/dnnl/2022.0.2/cpu_dpcpp_gpu_dpcpp/lib/../lib/:/opt/intel/oneapi/compiler/2022.0.2/linux/lib/../lib/:/usr/lib/gcc/x86_64-linux-gnu/9/:/usr/lib/gcc/x86_64-linux-gnu/9/../../../x86_64-linux-gnu/:/usr/lib/gcc/x86_64-linux-gnu/9/../../../../lib/:/lib/x86_64-linux-gnu/:/lib/../lib/:/usr/lib/x86_64-linux-gnu/:/usr/lib/../lib/:/opt/intel/oneapi/tbb/2021.5.1/env/../lib/intel64/gcc4.8/:/opt/intel/oneapi/mpi/2021.5.1//libfabric/lib/:/opt/intel/oneapi/mpi/2021.5.1//lib/release/:/opt/intel/oneapi/mpi/2021.5.1//lib/:/opt/intel/oneapi/mkl/2022.0.2/lib/intel64/:/opt/intel/oneapi/ipp/2021.5.2/lib/intel64/:/opt/intel/oneapi/ippcp/2021.5.1/lib/intel64/:/opt/intel/oneapi/ipp/2021.5.2/lib/intel64/:/opt/intel/oneapi/dnnl/2022.0.2/cpu_dpcpp_gpu_dpcpp/lib/:/opt/intel/oneapi/dal/2021.5.3/lib/intel64/:/opt/intel/oneapi/compiler/2022.0.2/linux/compiler/lib/intel64_lin/:/opt/intel/oneapi/compiler/2022.0.2/linux/lib/:/opt/intel/oneapi/ccl/2021.5.1/lib/cpu_gpu_dpcpp/:/usr/lib/gcc/x86_64-linux-gnu/9/../../../:/lib/:/usr/lib/
COLLECT_GCC_OPTIONS='-O2' '-fPIC' '-march=native' '-mavx2' '-v' '-rdynamic' '-o' 'cmTC_9401f'
 /usr/lib/gcc/x86_64-linux-gnu/9/collect2 -plugin /usr/lib/gcc/x86_64-linux-gnu/9/liblto_plugin.so -plugin-opt=/usr/lib/gcc/x86_64-linux-gnu/9/lto-wrapper -plugin-opt=-fresolution=/tmp/ccAFSLUI.res -plugin-opt=-pass-through=-lgcc -plugin-opt=-pass-through=-lgcc_s -plugin-opt=-pass-through=-lc -plugin-opt=-pass-through=-lgcc -plugin-opt=-pass-through=-lgcc_s --build-id --eh-frame-hdr -m elf_x86_64 --hash-style=gnu --as-needed -export-dynamic -dynamic-linker /lib64/ld-linux-x86-64.so.2 -pie -z now -z relro -o cmTC_9401f /usr/lib/gcc/x86_64-linux-gnu/9/../../../x86_64-linux-gnu/Scrt1.o /usr/lib/gcc/x86_64-linux-gnu/9/../../../x86_64-linux-gnu/crti.o /usr/lib/gcc/x86_64-linux-gnu/9/crtbeginS.o -L/opt/intel/oneapi/mpi/2021.5.1//libfabric/lib/../lib -L/opt/intel/oneapi/mpi/2021.5.1//lib/../lib -L/opt/intel/oneapi/dnnl/2022.0.2/cpu_dpcpp_gpu_dpcpp/lib/../lib -L/opt/intel/oneapi/compiler/2022.0.2/linux/lib/../lib -L/usr/lib/gcc/x86_64-linux-gnu/9 -L/usr/lib/gcc/x86_64-linux-gnu/9/../../../x86_64-linux-gnu -L/usr/lib/gcc/x86_64-linux-gnu/9/../../../../lib -L/lib/x86_64-linux-gnu -L/lib/../lib -L/usr/lib/x86_64-linux-gnu -L/usr/lib/../lib -L/opt/intel/oneapi/tbb/2021.5.1/env/../lib/intel64/gcc4.8 -L/opt/intel/oneapi/mpi/2021.5.1//libfabric/lib -L/opt/intel/oneapi/mpi/2021.5.1//lib/release -L/opt/intel/oneapi/mpi/2021.5.1//lib -L/opt/intel/oneapi/mkl/2022.0.2/lib/intel64 -L/opt/intel/oneapi/ipp/2021.5.2/lib/intel64 -L/opt/intel/oneapi/ippcp/2021.5.1/lib/intel64 -L/opt/intel/oneapi/ipp/2021.5.2/lib/intel64 -L/opt/intel/oneapi/dnnl/2022.0.2/cpu_dpcpp_gpu_dpcpp/lib -L/opt/intel/oneapi/dal/2021.5.3/lib/intel64 -L/opt/intel/oneapi/compiler/2022.0.2/linux/compiler/lib/intel64_lin -L/opt/intel/oneapi/compiler/2022.0.2/linux/lib -L/opt/intel/oneapi/ccl/2021.5.1/lib/cpu_gpu_dpcpp -L/usr/lib/gcc/x86_64-linux-gnu/9/../../.. CMakeFiles/cmTC_9401f.dir/CMakeCCompilerABI.c.o -lgcc --push-state --as-needed -lgcc_s --pop-state -lc -lgcc --push-state --as-needed -lgcc_s --pop-state /usr/lib/gcc/x86_64-linux-gnu/9/crtendS.o /usr/lib/gcc/x86_64-linux-gnu/9/../../../x86_64-linux-gnu/crtn.o
COLLECT_GCC_OPTIONS='-O2' '-fPIC' '-march=native' '-mavx2' '-v' '-rdynamic' '-o' 'cmTC_9401f'
make[1]: Leaving directory '/home/quake/Projects/TStk/stk/build/CMakeFiles/CMakeTmp'



Parsed C implicit include dir info from above output: rv=done
  found start of include info
  found start of implicit include info
    add: [/opt/intel/oneapi/tbb/2021.5.1/env/../include]
    add: [/opt/intel/oneapi/mpi/2021.5.1//include]
    add: [/opt/intel/oneapi/mkl/2022.0.2/include]
    add: [/opt/intel/oneapi/ipp/2021.5.2/include]
    add: [/opt/intel/oneapi/ippcp/2021.5.1/include]
    add: [/opt/intel/oneapi/dpl/2021.6.0/linux/include]
    add: [/opt/intel/oneapi/dpcpp-ct/2022.0.0/include]
    add: [/opt/intel/oneapi/dnnl/2022.0.2/cpu_dpcpp_gpu_dpcpp/lib]
    add: [/opt/intel/oneapi/dev-utilities/2021.5.2/include]
    add: [/opt/intel/oneapi/dal/2021.5.3/include]
    add: [/opt/intel/oneapi/ccl/2021.5.1/include/cpu_gpu_dpcpp]
    add: [/usr/lib/gcc/x86_64-linux-gnu/9/include]
    add: [/usr/local/include]
    add: [/usr/include/x86_64-linux-gnu]
    add: [/usr/include]
  end of search list found
  collapse include dir [/opt/intel/oneapi/tbb/2021.5.1/env/../include] ==> [/opt/intel/oneapi/tbb/2021.5.1/include]
  collapse include dir [/opt/intel/oneapi/mpi/2021.5.1//include] ==> [/opt/intel/oneapi/mpi/2021.5.1/include]
  collapse include dir [/opt/intel/oneapi/mkl/2022.0.2/include] ==> [/opt/intel/oneapi/mkl/2022.0.2/include]
  collapse include dir [/opt/intel/oneapi/ipp/2021.5.2/include] ==> [/opt/intel/oneapi/ipp/2021.5.2/include]
  collapse include dir [/opt/intel/oneapi/ippcp/2021.5.1/include] ==> [/opt/intel/oneapi/ippcp/2021.5.1/include]
  collapse include dir [/opt/intel/oneapi/dpl/2021.6.0/linux/include] ==> [/opt/intel/oneapi/dpl/2021.6.0/linux/include]
  collapse include dir [/opt/intel/oneapi/dpcpp-ct/2022.0.0/include] ==> [/opt/intel/oneapi/dpcpp-ct/2022.0.0/include]
  collapse include dir [/opt/intel/oneapi/dnnl/2022.0.2/cpu_dpcpp_gpu_dpcpp/lib] ==> [/opt/intel/oneapi/dnnl/2022.0.2/cpu_dpcpp_gpu_dpcpp/lib]
  collapse include dir [/opt/intel/oneapi/dev-utilities/2021.5.2/include] ==> [/opt/intel/oneapi/dev-utilities/2021.5.2/include]
  collapse include dir [/opt/intel/oneapi/dal/2021.5.3/include] ==> [/opt/intel/oneapi/dal/2021.5.3/include]
  collapse include dir [/opt/intel/oneapi/ccl/2021.5.1/include/cpu_gpu_dpcpp] ==> [/opt/intel/oneapi/ccl/2021.5.1/include/cpu_gpu_dpcpp]
  collapse include dir [/usr/lib/gcc/x86_64-linux-gnu/9/include] ==> [/usr/lib/gcc/x86_64-linux-gnu/9/include]
  collapse include dir [/usr/local/include] ==> [/usr/local/include]
  collapse include dir [/usr/include/x86_64-linux-gnu] ==> [/usr/include/x86_64-linux-gnu]
  collapse include dir [/usr/include] ==> [/usr/include]
  implicit include dirs: [/opt/intel/oneapi/tbb/2021.5.1/include;/opt/intel/oneapi/mpi/2021.5.1/include;/opt/intel/oneapi/mkl/2022.0.2/include;/opt/intel/oneapi/ipp/2021.5.2/include;/opt/intel/oneapi/ippcp/2021.5.1/include;/opt/intel/oneapi/dpl/2021.6.0/linux/include;/opt/intel/oneapi/dpcpp-ct/2022.0.0/include;/opt/intel/oneapi/dnnl/2022.0.2/cpu_dpcpp_gpu_dpcpp/lib;/opt/intel/oneapi/dev-utilities/2021.5.2/include;/opt/intel/oneapi/dal/2021.5.3/include;/opt/intel/oneapi/ccl/2021.5.1/include/cpu_gpu_dpcpp;/usr/lib/gcc/x86_64-linux-gnu/9/include;/usr/local/include;/usr/include/x86_64-linux-gnu;/usr/include]


Parsed C implicit link information from above output:
  link line regex: [^( *|.*[/\])(ld|CMAKE_LINK_STARTFILE-NOTFOUND|([^/\]+-)?ld|collect2)[^/\]*( |$)]
  ignore line: [Change Dir: /home/quake/Projects/TStk/stk/build/CMakeFiles/CMakeTmp]
  ignore line: []
  ignore line: [Run Build Command(s):/usr/bin/make -f Makefile cmTC_9401f/fast && /usr/bin/make  -f CMakeFiles/cmTC_9401f.dir/build.make CMakeFiles/cmTC_9401f.dir/build]
  ignore line: [make[1]: Entering directory '/home/quake/Projects/TStk/stk/build/CMakeFiles/CMakeTmp']
  ignore line: [Building C object CMakeFiles/cmTC_9401f.dir/CMakeCCompilerABI.c.o]
  ignore line: [/usr/bin/cc   -O2 -fPIC -march=native -mavx2    -v -o CMakeFiles/cmTC_9401f.dir/CMakeCCompilerABI.c.o -c /usr/local/share/cmake-3.23/Modules/CMakeCCompilerABI.c]
  ignore line: [Using built-in specs.]
  ignore line: [COLLECT_GCC=/usr/bin/cc]
  ignore line: [OFFLOAD_TARGET_NAMES=nvptx-none:hsa]
  ignore line: [OFFLOAD_TARGET_DEFAULT=1]
  ignore line: [Target: x86_64-linux-gnu]
  ignore line: [Configured with: ../src/configure -v --with-pkgversion='Ubuntu 9.4.0-1ubuntu1~20.04.1' --with-bugurl=file:///usr/share/doc/gcc-9/README.Bugs --enable-languages=c ada c++ go brig d fortran objc obj-c++ gm2 --prefix=/usr --with-gcc-major-version-only --program-suffix=-9 --program-prefix=x86_64-linux-gnu- --enable-shared --enable-linker-build-id --libexecdir=/usr/lib --without-included-gettext --enable-threads=posix --libdir=/usr/lib --enable-nls --enable-clocale=gnu --enable-libstdcxx-debug --enable-libstdcxx-time=yes --with-default-libstdcxx-abi=new --enable-gnu-unique-object --disable-vtable-verify --enable-plugin --enable-default-pie --with-system-zlib --with-target-system-zlib=auto --enable-objc-gc=auto --enable-multiarch --disable-werror --with-arch-32=i686 --with-abi=m64 --with-multilib-list=m32 m64 mx32 --enable-multilib --with-tune=generic --enable-offload-targets=nvptx-none=/build/gcc-9-Av3uEd/gcc-9-9.4.0/debian/tmp-nvptx/usr hsa --without-cuda-driver --enable-checking=release --build=x86_64-linux-gnu --host=x86_64-linux-gnu --target=x86_64-linux-gnu]
  ignore line: [Thread model: posix]
  ignore line: [gcc version 9.4.0 (Ubuntu 9.4.0-1ubuntu1~20.04.1) ]
  ignore line: [COLLECT_GCC_OPTIONS='-O2' '-fPIC' '-march=native' '-mavx2' '-v' '-o' 'CMakeFiles/cmTC_9401f.dir/CMakeCCompilerABI.c.o' '-c']
  ignore line: [ /usr/lib/gcc/x86_64-linux-gnu/9/cc1 -quiet -v -imultiarch x86_64-linux-gnu /usr/local/share/cmake-3.23/Modules/CMakeCCompilerABI.c -march=haswell -mmmx -mno-3dnow -msse -msse2 -msse3 -mssse3 -mno-sse4a -mcx16 -msahf -mmovbe -maes -mno-sha -mpclmul -mpopcnt -mabm -mno-lwp -mfma -mno-fma4 -mno-xop -mbmi -mno-sgx -mbmi2 -mno-pconfig -mno-wbnoinvd -mno-tbm -mavx -mavx2 -msse4.2 -msse4.1 -mlzcnt -mno-rtm -mno-hle -mrdrnd -mf16c -mfsgsbase -mno-rdseed -mno-prfchw -mno-adx -mfxsr -mxsave -mxsaveopt -mno-avx512f -mno-avx512er -mno-avx512cd -mno-avx512pf -mno-prefetchwt1 -mno-clflushopt -mno-xsavec -mno-xsaves -mno-avx512dq -mno-avx512bw -mno-avx512vl -mno-avx512ifma -mno-avx512vbmi -mno-avx5124fmaps -mno-avx5124vnniw -mno-clwb -mno-mwaitx -mno-clzero -mno-pku -mno-rdpid -mno-gfni -mno-shstk -mno-avx512vbmi2 -mno-avx512vnni -mno-vaes -mno-vpclmulqdq -mno-avx512bitalg -mno-avx512vpopcntdq -mno-movdiri -mno-movdir64b -mno-waitpkg -mno-cldemote -mno-ptwrite --param l1-cache-size=32 --param l1-cache-line-size=64 --param l2-cache-size=10240 -mtune=haswell -quiet -dumpbase CMakeCCompilerABI.c -mavx2 -auxbase-strip CMakeFiles/cmTC_9401f.dir/CMakeCCompilerABI.c.o -O2 -version -fPIC -fasynchronous-unwind-tables -fstack-protector-strong -Wformat -Wformat-security -fstack-clash-protection -fcf-protection -o /tmp/ccyj85sh.s]
  ignore line: [GNU C17 (Ubuntu 9.4.0-1ubuntu1~20.04.1) version 9.4.0 (x86_64-linux-gnu)]
  ignore line: [	compiled by GNU C version 9.4.0  GMP version 6.2.0  MPFR version 4.0.2  MPC version 1.1.0  isl version isl-0.22.1-GMP]
  ignore line: []
  ignore line: [GGC heuristics: --param ggc-min-expand=100 --param ggc-min-heapsize=131072]
  ignore line: [ignoring nonexistent directory "/usr/local/include/x86_64-linux-gnu"]
  ignore line: [ignoring nonexistent directory "/usr/lib/gcc/x86_64-linux-gnu/9/include-fixed"]
  ignore line: [ignoring nonexistent directory "/usr/lib/gcc/x86_64-linux-gnu/9/../../../../x86_64-linux-gnu/include"]
  ignore line: [ignoring duplicate directory "/opt/intel/oneapi/ipp/2021.5.2/include"]
  ignore line: [#include "..." search starts here:]
  ignore line: [#include <...> search starts here:]
  ignore line: [ /opt/intel/oneapi/tbb/2021.5.1/env/../include]
  ignore line: [ /opt/intel/oneapi/mpi/2021.5.1//include]
  ignore line: [ /opt/intel/oneapi/mkl/2022.0.2/include]
  ignore line: [ /opt/intel/oneapi/ipp/2021.5.2/include]
  ignore line: [ /opt/intel/oneapi/ippcp/2021.5.1/include]
  ignore line: [ /opt/intel/oneapi/dpl/2021.6.0/linux/include]
  ignore line: [ /opt/intel/oneapi/dpcpp-ct/2022.0.0/include]
  ignore line: [ /opt/intel/oneapi/dnnl/2022.0.2/cpu_dpcpp_gpu_dpcpp/lib]
  ignore line: [ /opt/intel/oneapi/dev-utilities/2021.5.2/include]
  ignore line: [ /opt/intel/oneapi/dal/2021.5.3/include]
  ignore line: [ /opt/intel/oneapi/ccl/2021.5.1/include/cpu_gpu_dpcpp]
  ignore line: [ /usr/lib/gcc/x86_64-linux-gnu/9/include]
  ignore line: [ /usr/local/include]
  ignore line: [ /usr/include/x86_64-linux-gnu]
  ignore line: [ /usr/include]
  ignore line: [End of search list.]
  ignore line: [GNU C17 (Ubuntu 9.4.0-1ubuntu1~20.04.1) version 9.4.0 (x86_64-linux-gnu)]
  ignore line: [	compiled by GNU C version 9.4.0  GMP version 6.2.0  MPFR version 4.0.2  MPC version 1.1.0  isl version isl-0.22.1-GMP]
  ignore line: []
  ignore line: [GGC heuristics: --param ggc-min-expand=100 --param ggc-min-heapsize=131072]
  ignore line: [Compiler executable checksum: c0c95c0b4209efec1c1892d5ff24030b]
  ignore line: [COLLECT_GCC_OPTIONS='-O2' '-fPIC' '-march=native' '-mavx2' '-v' '-o' 'CMakeFiles/cmTC_9401f.dir/CMakeCCompilerABI.c.o' '-c']
  ignore line: [ as -v --64 -o CMakeFiles/cmTC_9401f.dir/CMakeCCompilerABI.c.o /tmp/ccyj85sh.s]
  ignore line: [GNU assembler version 2.34 (x86_64-linux-gnu) using BFD version (GNU Binutils for Ubuntu) 2.34]
  ignore line: [COMPILER_PATH=/usr/lib/gcc/x86_64-linux-gnu/9/:/usr/lib/gcc/x86_64-linux-gnu/9/:/usr/lib/gcc/x86_64-linux-gnu/:/usr/lib/gcc/x86_64-linux-gnu/9/:/usr/lib/gcc/x86_64-linux-gnu/]
  ignore line: [LIBRARY_PATH=/opt/intel/oneapi/mpi/2021.5.1//libfabric/lib/../lib/:/opt/intel/oneapi/mpi/2021.5.1//lib/../lib/:/opt/intel/oneapi/dnnl/2022.0.2/cpu_dpcpp_gpu_dpcpp/lib/../lib/:/opt/intel/oneapi/compiler/2022.0.2/linux/lib/../lib/:/usr/lib/gcc/x86_64-linux-gnu/9/:/usr/lib/gcc/x86_64-linux-gnu/9/../../../x86_64-linux-gnu/:/usr/lib/gcc/x86_64-linux-gnu/9/../../../../lib/:/lib/x86_64-linux-gnu/:/lib/../lib/:/usr/lib/x86_64-linux-gnu/:/usr/lib/../lib/:/opt/intel/oneapi/tbb/2021.5.1/env/../lib/intel64/gcc4.8/:/opt/intel/oneapi/mpi/2021.5.1//libfabric/lib/:/opt/intel/oneapi/mpi/2021.5.1//lib/release/:/opt/intel/oneapi/mpi/2021.5.1//lib/:/opt/intel/oneapi/mkl/2022.0.2/lib/intel64/:/opt/intel/oneapi/ipp/2021.5.2/lib/intel64/:/opt/intel/oneapi/ippcp/2021.5.1/lib/intel64/:/opt/intel/oneapi/ipp/2021.5.2/lib/intel64/:/opt/intel/oneapi/dnnl/2022.0.2/cpu_dpcpp_gpu_dpcpp/lib/:/opt/intel/oneapi/dal/2021.5.3/lib/intel64/:/opt/intel/oneapi/compiler/2022.0.2/linux/compiler/lib/intel64_lin/:/opt/intel/oneapi/compiler/2022.0.2/linux/lib/:/opt/intel/oneapi/ccl/2021.5.1/lib/cpu_gpu_dpcpp/:/usr/lib/gcc/x86_64-linux-gnu/9/../../../:/lib/:/usr/lib/]
  ignore line: [COLLECT_GCC_OPTIONS='-O2' '-fPIC' '-march=native' '-mavx2' '-v' '-o' 'CMakeFiles/cmTC_9401f.dir/CMakeCCompilerABI.c.o' '-c']
  ignore line: [Linking C executable cmTC_9401f]
  ignore line: [/usr/local/bin/cmake -E cmake_link_script CMakeFiles/cmTC_9401f.dir/link.txt --verbose=1]
  ignore line: [/usr/bin/cc -O2 -fPIC -march=native -mavx2   -v -rdynamic CMakeFiles/cmTC_9401f.dir/CMakeCCompilerABI.c.o -o cmTC_9401f ]
  ignore line: [Using built-in specs.]
  ignore line: [COLLECT_GCC=/usr/bin/cc]
  ignore line: [COLLECT_LTO_WRAPPER=/usr/lib/gcc/x86_64-linux-gnu/9/lto-wrapper]
  ignore line: [OFFLOAD_TARGET_NAMES=nvptx-none:hsa]
  ignore line: [OFFLOAD_TARGET_DEFAULT=1]
  ignore line: [Target: x86_64-linux-gnu]
  ignore line: [Configured with: ../src/configure -v --with-pkgversion='Ubuntu 9.4.0-1ubuntu1~20.04.1' --with-bugurl=file:///usr/share/doc/gcc-9/README.Bugs --enable-languages=c ada c++ go brig d fortran objc obj-c++ gm2 --prefix=/usr --with-gcc-major-version-only --program-suffix=-9 --program-prefix=x86_64-linux-gnu- --enable-shared --enable-linker-build-id --libexecdir=/usr/lib --without-included-gettext --enable-threads=posix --libdir=/usr/lib --enable-nls --enable-clocale=gnu --enable-libstdcxx-debug --enable-libstdcxx-time=yes --with-default-libstdcxx-abi=new --enable-gnu-unique-object --disable-vtable-verify --enable-plugin --enable-default-pie --with-system-zlib --with-target-system-zlib=auto --enable-objc-gc=auto --enable-multiarch --disable-werror --with-arch-32=i686 --with-abi=m64 --with-multilib-list=m32 m64 mx32 --enable-multilib --with-tune=generic --enable-offload-targets=nvptx-none=/build/gcc-9-Av3uEd/gcc-9-9.4.0/debian/tmp-nvptx/usr hsa --without-cuda-driver --enable-checking=release --build=x86_64-linux-gnu --host=x86_64-linux-gnu --target=x86_64-linux-gnu]
  ignore line: [Thread model: posix]
  ignore line: [gcc version 9.4.0 (Ubuntu 9.4.0-1ubuntu1~20.04.1) ]
  ignore line: [COMPILER_PATH=/usr/lib/gcc/x86_64-linux-gnu/9/:/usr/lib/gcc/x86_64-linux-gnu/9/:/usr/lib/gcc/x86_64-linux-gnu/:/usr/lib/gcc/x86_64-linux-gnu/9/:/usr/lib/gcc/x86_64-linux-gnu/]
  ignore line: [LIBRARY_PATH=/opt/intel/oneapi/mpi/2021.5.1//libfabric/lib/../lib/:/opt/intel/oneapi/mpi/2021.5.1//lib/../lib/:/opt/intel/oneapi/dnnl/2022.0.2/cpu_dpcpp_gpu_dpcpp/lib/../lib/:/opt/intel/oneapi/compiler/2022.0.2/linux/lib/../lib/:/usr/lib/gcc/x86_64-linux-gnu/9/:/usr/lib/gcc/x86_64-linux-gnu/9/../../../x86_64-linux-gnu/:/usr/lib/gcc/x86_64-linux-gnu/9/../../../../lib/:/lib/x86_64-linux-gnu/:/lib/../lib/:/usr/lib/x86_64-linux-gnu/:/usr/lib/../lib/:/opt/intel/oneapi/tbb/2021.5.1/env/../lib/intel64/gcc4.8/:/opt/intel/oneapi/mpi/2021.5.1//libfabric/lib/:/opt/intel/oneapi/mpi/2021.5.1//lib/release/:/opt/intel/oneapi/mpi/2021.5.1//lib/:/opt/intel/oneapi/mkl/2022.0.2/lib/intel64/:/opt/intel/oneapi/ipp/2021.5.2/lib/intel64/:/opt/intel/oneapi/ippcp/2021.5.1/lib/intel64/:/opt/intel/oneapi/ipp/2021.5.2/lib/intel64/:/opt/intel/oneapi/dnnl/2022.0.2/cpu_dpcpp_gpu_dpcpp/lib/:/opt/intel/oneapi/dal/2021.5.3/lib/intel64/:/opt/intel/oneapi/compiler/2022.0.2/linux/compiler/lib/intel64_lin/:/opt/intel/oneapi/compiler/2022.0.2/linux/lib/:/opt/intel/oneapi/ccl/2021.5.1/lib/cpu_gpu_dpcpp/:/usr/lib/gcc/x86_64-linux-gnu/9/../../../:/lib/:/usr/lib/]
  ignore line: [COLLECT_GCC_OPTIONS='-O2' '-fPIC' '-march=native' '-mavx2' '-v' '-rdynamic' '-o' 'cmTC_9401f']
  link line: [ /usr/lib/gcc/x86_64-linux-gnu/9/collect2 -plugin /usr/lib/gcc/x86_64-linux-gnu/9/liblto_plugin.so -plugin-opt=/usr/lib/gcc/x86_64-linux-gnu/9/lto-wrapper -plugin-opt=-fresolution=/tmp/ccAFSLUI.res -plugin-opt=-pass-through=-lgcc -plugin-opt=-pass-through=-lgcc_s -plugin-opt=-pass-through=-lc -plugin-opt=-pass-through=-lgcc -plugin-opt=-pass-through=-lgcc_s --build-id --eh-frame-hdr -m elf_x86_64 --hash-style=gnu --as-needed -export-dynamic -dynamic-linker /lib64/ld-linux-x86-64.so.2 -pie -z now -z relro -o cmTC_9401f /usr/lib/gcc/x86_64-linux-gnu/9/../../../x86_64-linux-gnu/Scrt1.o /usr/lib/gcc/x86_64-linux-gnu/9/../../../x86_64-linux-gnu/crti.o /usr/lib/gcc/x86_64-linux-gnu/9/crtbeginS.o -L/opt/intel/oneapi/mpi/2021.5.1//libfabric/lib/../lib -L/opt/intel/oneapi/mpi/2021.5.1//lib/../lib -L/opt/intel/oneapi/dnnl/2022.0.2/cpu_dpcpp_gpu_dpcpp/lib/../lib -L/opt/intel/oneapi/compiler/2022.0.2/linux/lib/../lib -L/usr/lib/gcc/x86_64-linux-gnu/9 -L/usr/lib/gcc/x86_64-linux-gnu/9/../../../x86_64-linux-gnu -L/usr/lib/gcc/x86_64-linux-gnu/9/../../../../lib -L/lib/x86_64-linux-gnu -L/lib/../lib -L/usr/lib/x86_64-linux-gnu -L/usr/lib/../lib -L/opt/intel/oneapi/tbb/2021.5.1/env/../lib/intel64/gcc4.8 -L/opt/intel/oneapi/mpi/2021.5.1//libfabric/lib -L/opt/intel/oneapi/mpi/2021.5.1//lib/release -L/opt/intel/oneapi/mpi/2021.5.1//lib -L/opt/intel/oneapi/mkl/2022.0.2/lib/intel64 -L/opt/intel/oneapi/ipp/2021.5.2/lib/intel64 -L/opt/intel/oneapi/ippcp/2021.5.1/lib/intel64 -L/opt/intel/oneapi/ipp/2021.5.2/lib/intel64 -L/opt/intel/oneapi/dnnl/2022.0.2/cpu_dpcpp_gpu_dpcpp/lib -L/opt/intel/oneapi/dal/2021.5.3/lib/intel64 -L/opt/intel/oneapi/compiler/2022.0.2/linux/compiler/lib/intel64_lin -L/opt/intel/oneapi/compiler/2022.0.2/linux/lib -L/opt/intel/oneapi/ccl/2021.5.1/lib/cpu_gpu_dpcpp -L/usr/lib/gcc/x86_64-linux-gnu/9/../../.. CMakeFiles/cmTC_9401f.dir/CMakeCCompilerABI.c.o -lgcc --push-state --as-needed -lgcc_s --pop-state -lc -lgcc --push-state --as-needed -lgcc_s --pop-state /usr/lib/gcc/x86_64-linux-gnu/9/crtendS.o /usr/lib/gcc/x86_64-linux-gnu/9/../../../x86_64-linux-gnu/crtn.o]
    arg [/usr/lib/gcc/x86_64-linux-gnu/9/collect2] ==> ignore
    arg [-plugin] ==> ignore
    arg [/usr/lib/gcc/x86_64-linux-gnu/9/liblto_plugin.so] ==> ignore
    arg [-plugin-opt=/usr/lib/gcc/x86_64-linux-gnu/9/lto-wrapper] ==> ignore
    arg [-plugin-opt=-fresolution=/tmp/ccAFSLUI.res] ==> ignore
    arg [-plugin-opt=-pass-through=-lgcc] ==> ignore
    arg [-plugin-opt=-pass-through=-lgcc_s] ==> ignore
    arg [-plugin-opt=-pass-through=-lc] ==> ignore
    arg [-plugin-opt=-pass-through=-lgcc] ==> ignore
    arg [-plugin-opt=-pass-through=-lgcc_s] ==> ignore
    arg [--build-id] ==> ignore
    arg [--eh-frame-hdr] ==> ignore
    arg [-m] ==> ignore
    arg [elf_x86_64] ==> ignore
    arg [--hash-style=gnu] ==> ignore
    arg [--as-needed] ==> ignore
    arg [-export-dynamic] ==> ignore
    arg [-dynamic-linker] ==> ignore
    arg [/lib64/ld-linux-x86-64.so.2] ==> ignore
    arg [-pie] ==> ignore
    arg [-znow] ==> ignore
    arg [-zrelro] ==> ignore
    arg [-o] ==> ignore
    arg [cmTC_9401f] ==> ignore
    arg [/usr/lib/gcc/x86_64-linux-gnu/9/../../../x86_64-linux-gnu/Scrt1.o] ==> obj [/usr/lib/gcc/x86_64-linux-gnu/9/../../../x86_64-linux-gnu/Scrt1.o]
    arg [/usr/lib/gcc/x86_64-linux-gnu/9/../../../x86_64-linux-gnu/crti.o] ==> obj [/usr/lib/gcc/x86_64-linux-gnu/9/../../../x86_64-linux-gnu/crti.o]
    arg [/usr/lib/gcc/x86_64-linux-gnu/9/crtbeginS.o] ==> obj [/usr/lib/gcc/x86_64-linux-gnu/9/crtbeginS.o]
    arg [-L/opt/intel/oneapi/mpi/2021.5.1//libfabric/lib/../lib] ==> dir [/opt/intel/oneapi/mpi/2021.5.1//libfabric/lib/../lib]
    arg [-L/opt/intel/oneapi/mpi/2021.5.1//lib/../lib] ==> dir [/opt/intel/oneapi/mpi/2021.5.1//lib/../lib]
    arg [-L/opt/intel/oneapi/dnnl/2022.0.2/cpu_dpcpp_gpu_dpcpp/lib/../lib] ==> dir [/opt/intel/oneapi/dnnl/2022.0.2/cpu_dpcpp_gpu_dpcpp/lib/../lib]
    arg [-L/opt/intel/oneapi/compiler/2022.0.2/linux/lib/../lib] ==> dir [/opt/intel/oneapi/compiler/2022.0.2/linux/lib/../lib]
    arg [-L/usr/lib/gcc/x86_64-linux-gnu/9] ==> dir [/usr/lib/gcc/x86_64-linux-gnu/9]
    arg [-L/usr/lib/gcc/x86_64-linux-gnu/9/../../../x86_64-linux-gnu] ==> dir [/usr/lib/gcc/x86_64-linux-gnu/9/../../../x86_64-linux-gnu]
    arg [-L/usr/lib/gcc/x86_64-linux-gnu/9/../../../../lib] ==> dir [/usr/lib/gcc/x86_64-linux-gnu/9/../../../../lib]
    arg [-L/lib/x86_64-linux-gnu] ==> dir [/lib/x86_64-linux-gnu]
    arg [-L/lib/../lib] ==> dir [/lib/../lib]
    arg [-L/usr/lib/x86_64-linux-gnu] ==> dir [/usr/lib/x86_64-linux-gnu]
    arg [-L/usr/lib/../lib] ==> dir [/usr/lib/../lib]
    arg [-L/opt/intel/oneapi/tbb/2021.5.1/env/../lib/intel64/gcc4.8] ==> dir [/opt/intel/oneapi/tbb/2021.5.1/env/../lib/intel64/gcc4.8]
    arg [-L/opt/intel/oneapi/mpi/2021.5.1//libfabric/lib] ==> dir [/opt/intel/oneapi/mpi/2021.5.1//libfabric/lib]
    arg [-L/opt/intel/oneapi/mpi/2021.5.1//lib/release] ==> dir [/opt/intel/oneapi/mpi/2021.5.1//lib/release]
    arg [-L/opt/intel/oneapi/mpi/2021.5.1//lib] ==> dir [/opt/intel/oneapi/mpi/2021.5.1//lib]
    arg [-L/opt/intel/oneapi/mkl/2022.0.2/lib/intel64] ==> dir [/opt/intel/oneapi/mkl/2022.0.2/lib/intel64]
    arg [-L/opt/intel/oneapi/ipp/2021.5.2/lib/intel64] ==> dir [/opt/intel/oneapi/ipp/2021.5.2/lib/intel64]
    arg [-L/opt/intel/oneapi/ippcp/2021.5.1/lib/intel64] ==> dir [/opt/intel/oneapi/ippcp/2021.5.1/lib/intel64]
    arg [-L/opt/intel/oneapi/ipp/2021.5.2/lib/intel64] ==> dir [/opt/intel/oneapi/ipp/2021.5.2/lib/intel64]
    arg [-L/opt/intel/oneapi/dnnl/2022.0.2/cpu_dpcpp_gpu_dpcpp/lib] ==> dir [/opt/intel/oneapi/dnnl/2022.0.2/cpu_dpcpp_gpu_dpcpp/lib]
    arg [-L/opt/intel/oneapi/dal/2021.5.3/lib/intel64] ==> dir [/opt/intel/oneapi/dal/2021.5.3/lib/intel64]
    arg [-L/opt/intel/oneapi/compiler/2022.0.2/linux/compiler/lib/intel64_lin] ==> dir [/opt/intel/oneapi/compiler/2022.0.2/linux/compiler/lib/intel64_lin]
    arg [-L/opt/intel/oneapi/compiler/2022.0.2/linux/lib] ==> dir [/opt/intel/oneapi/compiler/2022.0.2/linux/lib]
    arg [-L/opt/intel/oneapi/ccl/2021.5.1/lib/cpu_gpu_dpcpp] ==> dir [/opt/intel/oneapi/ccl/2021.5.1/lib/cpu_gpu_dpcpp]
    arg [-L/usr/lib/gcc/x86_64-linux-gnu/9/../../..] ==> dir [/usr/lib/gcc/x86_64-linux-gnu/9/../../..]
    arg [CMakeFiles/cmTC_9401f.dir/CMakeCCompilerABI.c.o] ==> ignore
    arg [-lgcc] ==> lib [gcc]
    arg [--push-state] ==> ignore
    arg [--as-needed] ==> ignore
    arg [-lgcc_s] ==> lib [gcc_s]
    arg [--pop-state] ==> ignore
    arg [-lc] ==> lib [c]
    arg [-lgcc] ==> lib [gcc]
    arg [--push-state] ==> ignore
    arg [--as-needed] ==> ignore
    arg [-lgcc_s] ==> lib [gcc_s]
    arg [--pop-state] ==> ignore
    arg [/usr/lib/gcc/x86_64-linux-gnu/9/crtendS.o] ==> obj [/usr/lib/gcc/x86_64-linux-gnu/9/crtendS.o]
    arg [/usr/lib/gcc/x86_64-linux-gnu/9/../../../x86_64-linux-gnu/crtn.o] ==> obj [/usr/lib/gcc/x86_64-linux-gnu/9/../../../x86_64-linux-gnu/crtn.o]
  collapse obj [/usr/lib/gcc/x86_64-linux-gnu/9/../../../x86_64-linux-gnu/Scrt1.o] ==> [/usr/lib/x86_64-linux-gnu/Scrt1.o]
  collapse obj [/usr/lib/gcc/x86_64-linux-gnu/9/../../../x86_64-linux-gnu/crti.o] ==> [/usr/lib/x86_64-linux-gnu/crti.o]
  collapse obj [/usr/lib/gcc/x86_64-linux-gnu/9/../../../x86_64-linux-gnu/crtn.o] ==> [/usr/lib/x86_64-linux-gnu/crtn.o]
  collapse library dir [/opt/intel/oneapi/mpi/2021.5.1//libfabric/lib/../lib] ==> [/opt/intel/oneapi/mpi/2021.5.1/libfabric/lib]
  collapse library dir [/opt/intel/oneapi/mpi/2021.5.1//lib/../lib] ==> [/opt/intel/oneapi/mpi/2021.5.1/lib]
  collapse library dir [/opt/intel/oneapi/dnnl/2022.0.2/cpu_dpcpp_gpu_dpcpp/lib/../lib] ==> [/opt/intel/oneapi/dnnl/2022.0.2/cpu_dpcpp_gpu_dpcpp/lib]
  collapse library dir [/opt/intel/oneapi/compiler/2022.0.2/linux/lib/../lib] ==> [/opt/intel/oneapi/compiler/2022.0.2/linux/lib]
  collapse library dir [/usr/lib/gcc/x86_64-linux-gnu/9] ==> [/usr/lib/gcc/x86_64-linux-gnu/9]
  collapse library dir [/usr/lib/gcc/x86_64-linux-gnu/9/../../../x86_64-linux-gnu] ==> [/usr/lib/x86_64-linux-gnu]
  collapse library dir [/usr/lib/gcc/x86_64-linux-gnu/9/../../../../lib] ==> [/usr/lib]
  collapse library dir [/lib/x86_64-linux-gnu] ==> [/lib/x86_64-linux-gnu]
  collapse library dir [/lib/../lib] ==> [/lib]
  collapse library dir [/usr/lib/x86_64-linux-gnu] ==> [/usr/lib/x86_64-linux-gnu]
  collapse library dir [/usr/lib/../lib] ==> [/usr/lib]
  collapse library dir [/opt/intel/oneapi/tbb/2021.5.1/env/../lib/intel64/gcc4.8] ==> [/opt/intel/oneapi/tbb/2021.5.1/lib/intel64/gcc4.8]
  collapse library dir [/opt/intel/oneapi/mpi/2021.5.1//libfabric/lib] ==> [/opt/intel/oneapi/mpi/2021.5.1/libfabric/lib]
  collapse library dir [/opt/intel/oneapi/mpi/2021.5.1//lib/release] ==> [/opt/intel/oneapi/mpi/2021.5.1/lib/release]
  collapse library dir [/opt/intel/oneapi/mpi/2021.5.1//lib] ==> [/opt/intel/oneapi/mpi/2021.5.1/lib]
  collapse library dir [/opt/intel/oneapi/mkl/2022.0.2/lib/intel64] ==> [/opt/intel/oneapi/mkl/2022.0.2/lib/intel64]
  collapse library dir [/opt/intel/oneapi/ipp/2021.5.2/lib/intel64] ==> [/opt/intel/oneapi/ipp/2021.5.2/lib/intel64]
  collapse library dir [/opt/intel/oneapi/ippcp/2021.5.1/lib/intel64] ==> [/opt/intel/oneapi/ippcp/2021.5.1/lib/intel64]
  collapse library dir [/opt/intel/oneapi/ipp/2021.5.2/lib/intel64] ==> [/opt/intel/oneapi/ipp/2021.5.2/lib/intel64]
  collapse library dir [/opt/intel/oneapi/dnnl/2022.0.2/cpu_dpcpp_gpu_dpcpp/lib] ==> [/opt/intel/oneapi/dnnl/2022.0.2/cpu_dpcpp_gpu_dpcpp/lib]
  collapse library dir [/opt/intel/oneapi/dal/2021.5.3/lib/intel64] ==> [/opt/intel/oneapi/dal/2021.5.3/lib/intel64]
  collapse library dir [/opt/intel/oneapi/compiler/2022.0.2/linux/compiler/lib/intel64_lin] ==> [/opt/intel/oneapi/compiler/2022.0.2/linux/compiler/lib/intel64_lin]
  collapse library dir [/opt/intel/oneapi/compiler/2022.0.2/linux/lib] ==> [/opt/intel/oneapi/compiler/2022.0.2/linux/lib]
  collapse library dir [/opt/intel/oneapi/ccl/2021.5.1/lib/cpu_gpu_dpcpp] ==> [/opt/intel/oneapi/ccl/2021.5.1/lib/cpu_gpu_dpcpp]
  collapse library dir [/usr/lib/gcc/x86_64-linux-gnu/9/../../..] ==> [/usr/lib]
  implicit libs: [gcc;gcc_s;c;gcc;gcc_s]
  implicit objs: [/usr/lib/x86_64-linux-gnu/Scrt1.o;/usr/lib/x86_64-linux-gnu/crti.o;/usr/lib/gcc/x86_64-linux-gnu/9/crtbeginS.o;/usr/lib/gcc/x86_64-linux-gnu/9/crtendS.o;/usr/lib/x86_64-linux-gnu/crtn.o]
  implicit dirs: [/opt/intel/oneapi/mpi/2021.5.1/libfabric/lib;/opt/intel/oneapi/mpi/2021.5.1/lib;/opt/intel/oneapi/dnnl/2022.0.2/cpu_dpcpp_gpu_dpcpp/lib;/opt/intel/oneapi/compiler/2022.0.2/linux/lib;/usr/lib/gcc/x86_64-linux-gnu/9;/usr/lib/x86_64-linux-gnu;/usr/lib;/lib/x86_64-linux-gnu;/lib;/opt/intel/oneapi/tbb/2021.5.1/lib/intel64/gcc4.8;/opt/intel/oneapi/mpi/2021.5.1/lib/release;/opt/intel/oneapi/mkl/2022.0.2/lib/intel64;/opt/intel/oneapi/ipp/2021.5.2/lib/intel64;/opt/intel/oneapi/ippcp/2021.5.1/lib/intel64;/opt/intel/oneapi/dal/2021.5.3/lib/intel64;/opt/intel/oneapi/compiler/2022.0.2/linux/compiler/lib/intel64_lin;/opt/intel/oneapi/ccl/2021.5.1/lib/cpu_gpu_dpcpp]
  implicit fwks: []


Detecting CXX compiler ABI info compiled with the following output:
Change Dir: /home/quake/Projects/TStk/stk/build/CMakeFiles/CMakeTmp

Run Build Command(s):/usr/bin/make -f Makefile cmTC_56f36/fast && /usr/bin/make  -f CMakeFiles/cmTC_56f36.dir/build.make CMakeFiles/cmTC_56f36.dir/build
make[1]: Entering directory '/home/quake/Projects/TStk/stk/build/CMakeFiles/CMakeTmp'
Building CXX object CMakeFiles/cmTC_56f36.dir/CMakeCXXCompilerABI.cpp.o
/usr/bin/c++   -O2 -fPIC -march=native -mavx2    -v -o CMakeFiles/cmTC_56f36.dir/CMakeCXXCompilerABI.cpp.o -c /usr/local/share/cmake-3.23/Modules/CMakeCXXCompilerABI.cpp
Using built-in specs.
COLLECT_GCC=/usr/bin/c++
OFFLOAD_TARGET_NAMES=nvptx-none:hsa
OFFLOAD_TARGET_DEFAULT=1
Target: x86_64-linux-gnu
Configured with: ../src/configure -v --with-pkgversion='Ubuntu 9.4.0-1ubuntu1~20.04.1' --with-bugurl=file:///usr/share/doc/gcc-9/README.Bugs --enable-languages=c,ada,c++,go,brig,d,fortran,objc,obj-c++,gm2 --prefix=/usr --with-gcc-major-version-only --program-suffix=-9 --program-prefix=x86_64-linux-gnu- --enable-shared --enable-linker-build-id --libexecdir=/usr/lib --without-included-gettext --enable-threads=posix --libdir=/usr/lib --enable-nls --enable-clocale=gnu --enable-libstdcxx-debug --enable-libstdcxx-time=yes --with-default-libstdcxx-abi=new --enable-gnu-unique-object --disable-vtable-verify --enable-plugin --enable-default-pie --with-system-zlib --with-target-system-zlib=auto --enable-objc-gc=auto --enable-multiarch --disable-werror --with-arch-32=i686 --with-abi=m64 --with-multilib-list=m32,m64,mx32 --enable-multilib --with-tune=generic --enable-offload-targets=nvptx-none=/build/gcc-9-Av3uEd/gcc-9-9.4.0/debian/tmp-nvptx/usr,hsa --without-cuda-driver --enable-checking=release --build=x86_64-linux-gnu --host=x86_64-linux-gnu --target=x86_64-linux-gnu
Thread model: posix
gcc version 9.4.0 (Ubuntu 9.4.0-1ubuntu1~20.04.1) 
COLLECT_GCC_OPTIONS='-O2' '-fPIC' '-march=native' '-mavx2' '-v' '-o' 'CMakeFiles/cmTC_56f36.dir/CMakeCXXCompilerABI.cpp.o' '-c' '-shared-libgcc'
 /usr/lib/gcc/x86_64-linux-gnu/9/cc1plus -quiet -v -imultiarch x86_64-linux-gnu -D_GNU_SOURCE /usr/local/share/cmake-3.23/Modules/CMakeCXXCompilerABI.cpp -march=haswell -mmmx -mno-3dnow -msse -msse2 -msse3 -mssse3 -mno-sse4a -mcx16 -msahf -mmovbe -maes -mno-sha -mpclmul -mpopcnt -mabm -mno-lwp -mfma -mno-fma4 -mno-xop -mbmi -mno-sgx -mbmi2 -mno-pconfig -mno-wbnoinvd -mno-tbm -mavx -mavx2 -msse4.2 -msse4.1 -mlzcnt -mno-rtm -mno-hle -mrdrnd -mf16c -mfsgsbase -mno-rdseed -mno-prfchw -mno-adx -mfxsr -mxsave -mxsaveopt -mno-avx512f -mno-avx512er -mno-avx512cd -mno-avx512pf -mno-prefetchwt1 -mno-clflushopt -mno-xsavec -mno-xsaves -mno-avx512dq -mno-avx512bw -mno-avx512vl -mno-avx512ifma -mno-avx512vbmi -mno-avx5124fmaps -mno-avx5124vnniw -mno-clwb -mno-mwaitx -mno-clzero -mno-pku -mno-rdpid -mno-gfni -mno-shstk -mno-avx512vbmi2 -mno-avx512vnni -mno-vaes -mno-vpclmulqdq -mno-avx512bitalg -mno-avx512vpopcntdq -mno-movdiri -mno-movdir64b -mno-waitpkg -mno-cldemote -mno-ptwrite --param l1-cache-size=32 --param l1-cache-line-size=64 --param l2-cache-size=10240 -mtune=haswell -quiet -dumpbase CMakeCXXCompilerABI.cpp -mavx2 -auxbase-strip CMakeFiles/cmTC_56f36.dir/CMakeCXXCompilerABI.cpp.o -O2 -version -fPIC -fasynchronous-unwind-tables -fstack-protector-strong -Wformat -Wformat-security -fstack-clash-protection -fcf-protection -o /tmp/cc4G8IQi.s
GNU C++14 (Ubuntu 9.4.0-1ubuntu1~20.04.1) version 9.4.0 (x86_64-linux-gnu)
	compiled by GNU C version 9.4.0, GMP version 6.2.0, MPFR version 4.0.2, MPC version 1.1.0, isl version isl-0.22.1-GMP

GGC heuristics: --param ggc-min-expand=100 --param ggc-min-heapsize=131072
ignoring duplicate directory "/usr/include/x86_64-linux-gnu/c++/9"
ignoring nonexistent directory "/usr/local/include/x86_64-linux-gnu"
ignoring nonexistent directory "/usr/lib/gcc/x86_64-linux-gnu/9/include-fixed"
ignoring nonexistent directory "/usr/lib/gcc/x86_64-linux-gnu/9/../../../../x86_64-linux-gnu/include"
ignoring duplicate directory "/opt/intel/oneapi/ipp/2021.5.2/include"
#include "..." search starts here:
#include <...> search starts here:
 /opt/intel/oneapi/tbb/2021.5.1/env/../include
 /opt/intel/oneapi/mpi/2021.5.1//include
 /opt/intel/oneapi/mkl/2022.0.2/include
 /opt/intel/oneapi/ipp/2021.5.2/include
 /opt/intel/oneapi/ippcp/2021.5.1/include
 /opt/intel/oneapi/dpl/2021.6.0/linux/include
 /opt/intel/oneapi/dpcpp-ct/2022.0.0/include
 /opt/intel/oneapi/dnnl/2022.0.2/cpu_dpcpp_gpu_dpcpp/lib
 /opt/intel/oneapi/dev-utilities/2021.5.2/include
 /opt/intel/oneapi/dal/2021.5.3/include
 /opt/intel/oneapi/ccl/2021.5.1/include/cpu_gpu_dpcpp
 /usr/include/c++/9
 /usr/include/x86_64-linux-gnu/c++/9
 /usr/include/c++/9/backward
 /usr/lib/gcc/x86_64-linux-gnu/9/include
 /usr/local/include
 /usr/include/x86_64-linux-gnu
 /usr/include
End of search list.
GNU C++14 (Ubuntu 9.4.0-1ubuntu1~20.04.1) version 9.4.0 (x86_64-linux-gnu)
	compiled by GNU C version 9.4.0, GMP version 6.2.0, MPFR version 4.0.2, MPC version 1.1.0, isl version isl-0.22.1-GMP

GGC heuristics: --param ggc-min-expand=100 --param ggc-min-heapsize=131072
Compiler executable checksum: 65fe925b83d3956b533de4aaba7dace0
COLLECT_GCC_OPTIONS='-O2' '-fPIC' '-march=native' '-mavx2' '-v' '-o' 'CMakeFiles/cmTC_56f36.dir/CMakeCXXCompilerABI.cpp.o' '-c' '-shared-libgcc'
 as -v --64 -o CMakeFiles/cmTC_56f36.dir/CMakeCXXCompilerABI.cpp.o /tmp/cc4G8IQi.s
GNU assembler version 2.34 (x86_64-linux-gnu) using BFD version (GNU Binutils for Ubuntu) 2.34
COMPILER_PATH=/usr/lib/gcc/x86_64-linux-gnu/9/:/usr/lib/gcc/x86_64-linux-gnu/9/:/usr/lib/gcc/x86_64-linux-gnu/:/usr/lib/gcc/x86_64-linux-gnu/9/:/usr/lib/gcc/x86_64-linux-gnu/
LIBRARY_PATH=/opt/intel/oneapi/mpi/2021.5.1//libfabric/lib/../lib/:/opt/intel/oneapi/mpi/2021.5.1//lib/../lib/:/opt/intel/oneapi/dnnl/2022.0.2/cpu_dpcpp_gpu_dpcpp/lib/../lib/:/opt/intel/oneapi/compiler/2022.0.2/linux/lib/../lib/:/usr/lib/gcc/x86_64-linux-gnu/9/:/usr/lib/gcc/x86_64-linux-gnu/9/../../../x86_64-linux-gnu/:/usr/lib/gcc/x86_64-linux-gnu/9/../../../../lib/:/lib/x86_64-linux-gnu/:/lib/../lib/:/usr/lib/x86_64-linux-gnu/:/usr/lib/../lib/:/opt/intel/oneapi/tbb/2021.5.1/env/../lib/intel64/gcc4.8/:/opt/intel/oneapi/mpi/2021.5.1//libfabric/lib/:/opt/intel/oneapi/mpi/2021.5.1//lib/release/:/opt/intel/oneapi/mpi/2021.5.1//lib/:/opt/intel/oneapi/mkl/2022.0.2/lib/intel64/:/opt/intel/oneapi/ipp/2021.5.2/lib/intel64/:/opt/intel/oneapi/ippcp/2021.5.1/lib/intel64/:/opt/intel/oneapi/ipp/2021.5.2/lib/intel64/:/opt/intel/oneapi/dnnl/2022.0.2/cpu_dpcpp_gpu_dpcpp/lib/:/opt/intel/oneapi/dal/2021.5.3/lib/intel64/:/opt/intel/oneapi/compiler/2022.0.2/linux/compiler/lib/intel64_lin/:/opt/intel/oneapi/compiler/2022.0.2/linux/lib/:/opt/intel/oneapi/ccl/2021.5.1/lib/cpu_gpu_dpcpp/:/usr/lib/gcc/x86_64-linux-gnu/9/../../../:/lib/:/usr/lib/
COLLECT_GCC_OPTIONS='-O2' '-fPIC' '-march=native' '-mavx2' '-v' '-o' 'CMakeFiles/cmTC_56f36.dir/CMakeCXXCompilerABI.cpp.o' '-c' '-shared-libgcc'
Linking CXX executable cmTC_56f36
/usr/local/bin/cmake -E cmake_link_script CMakeFiles/cmTC_56f36.dir/link.txt --verbose=1
/usr/bin/c++ -O2 -fPIC -march=native -mavx2   -v -rdynamic CMakeFiles/cmTC_56f36.dir/CMakeCXXCompilerABI.cpp.o -o cmTC_56f36 
Using built-in specs.
COLLECT_GCC=/usr/bin/c++
COLLECT_LTO_WRAPPER=/usr/lib/gcc/x86_64-linux-gnu/9/lto-wrapper
OFFLOAD_TARGET_NAMES=nvptx-none:hsa
OFFLOAD_TARGET_DEFAULT=1
Target: x86_64-linux-gnu
Configured with: ../src/configure -v --with-pkgversion='Ubuntu 9.4.0-1ubuntu1~20.04.1' --with-bugurl=file:///usr/share/doc/gcc-9/README.Bugs --enable-languages=c,ada,c++,go,brig,d,fortran,objc,obj-c++,gm2 --prefix=/usr --with-gcc-major-version-only --program-suffix=-9 --program-prefix=x86_64-linux-gnu- --enable-shared --enable-linker-build-id --libexecdir=/usr/lib --without-included-gettext --enable-threads=posix --libdir=/usr/lib --enable-nls --enable-clocale=gnu --enable-libstdcxx-debug --enable-libstdcxx-time=yes --with-default-libstdcxx-abi=new --enable-gnu-unique-object --disable-vtable-verify --enable-plugin --enable-default-pie --with-system-zlib --with-target-system-zlib=auto --enable-objc-gc=auto --enable-multiarch --disable-werror --with-arch-32=i686 --with-abi=m64 --with-multilib-list=m32,m64,mx32 --enable-multilib --with-tune=generic --enable-offload-targets=nvptx-none=/build/gcc-9-Av3uEd/gcc-9-9.4.0/debian/tmp-nvptx/usr,hsa --without-cuda-driver --enable-checking=release --build=x86_64-linux-gnu --host=x86_64-linux-gnu --target=x86_64-linux-gnu
Thread model: posix
gcc version 9.4.0 (Ubuntu 9.4.0-1ubuntu1~20.04.1) 
COMPILER_PATH=/usr/lib/gcc/x86_64-linux-gnu/9/:/usr/lib/gcc/x86_64-linux-gnu/9/:/usr/lib/gcc/x86_64-linux-gnu/:/usr/lib/gcc/x86_64-linux-gnu/9/:/usr/lib/gcc/x86_64-linux-gnu/
LIBRARY_PATH=/opt/intel/oneapi/mpi/2021.5.1//libfabric/lib/../lib/:/opt/intel/oneapi/mpi/2021.5.1//lib/../lib/:/opt/intel/oneapi/dnnl/2022.0.2/cpu_dpcpp_gpu_dpcpp/lib/../lib/:/opt/intel/oneapi/compiler/2022.0.2/linux/lib/../lib/:/usr/lib/gcc/x86_64-linux-gnu/9/:/usr/lib/gcc/x86_64-linux-gnu/9/../../../x86_64-linux-gnu/:/usr/lib/gcc/x86_64-linux-gnu/9/../../../../lib/:/lib/x86_64-linux-gnu/:/lib/../lib/:/usr/lib/x86_64-linux-gnu/:/usr/lib/../lib/:/opt/intel/oneapi/tbb/2021.5.1/env/../lib/intel64/gcc4.8/:/opt/intel/oneapi/mpi/2021.5.1//libfabric/lib/:/opt/intel/oneapi/mpi/2021.5.1//lib/release/:/opt/intel/oneapi/mpi/2021.5.1//lib/:/opt/intel/oneapi/mkl/2022.0.2/lib/intel64/:/opt/intel/oneapi/ipp/2021.5.2/lib/intel64/:/opt/intel/oneapi/ippcp/2021.5.1/lib/intel64/:/opt/intel/oneapi/ipp/2021.5.2/lib/intel64/:/opt/intel/oneapi/dnnl/2022.0.2/cpu_dpcpp_gpu_dpcpp/lib/:/opt/intel/oneapi/dal/2021.5.3/lib/intel64/:/opt/intel/oneapi/compiler/2022.0.2/linux/compiler/lib/intel64_lin/:/opt/intel/oneapi/compiler/2022.0.2/linux/lib/:/opt/intel/oneapi/ccl/2021.5.1/lib/cpu_gpu_dpcpp/:/usr/lib/gcc/x86_64-linux-gnu/9/../../../:/lib/:/usr/lib/
COLLECT_GCC_OPTIONS='-O2' '-fPIC' '-march=native' '-mavx2' '-v' '-rdynamic' '-o' 'cmTC_56f36' '-shared-libgcc'
 /usr/lib/gcc/x86_64-linux-gnu/9/collect2 -plugin /usr/lib/gcc/x86_64-linux-gnu/9/liblto_plugin.so -plugin-opt=/usr/lib/gcc/x86_64-linux-gnu/9/lto-wrapper -plugin-opt=-fresolution=/tmp/ccFEMMNM.res -plugin-opt=-pass-through=-lgcc_s -plugin-opt=-pass-through=-lgcc -plugin-opt=-pass-through=-lc -plugin-opt=-pass-through=-lgcc_s -plugin-opt=-pass-through=-lgcc --build-id --eh-frame-hdr -m elf_x86_64 --hash-style=gnu --as-needed -export-dynamic -dynamic-linker /lib64/ld-linux-x86-64.so.2 -pie -z now -z relro -o cmTC_56f36 /usr/lib/gcc/x86_64-linux-gnu/9/../../../x86_64-linux-gnu/Scrt1.o /usr/lib/gcc/x86_64-linux-gnu/9/../../../x86_64-linux-gnu/crti.o /usr/lib/gcc/x86_64-linux-gnu/9/crtbeginS.o -L/opt/intel/oneapi/mpi/2021.5.1//libfabric/lib/../lib -L/opt/intel/oneapi/mpi/2021.5.1//lib/../lib -L/opt/intel/oneapi/dnnl/2022.0.2/cpu_dpcpp_gpu_dpcpp/lib/../lib -L/opt/intel/oneapi/compiler/2022.0.2/linux/lib/../lib -L/usr/lib/gcc/x86_64-linux-gnu/9 -L/usr/lib/gcc/x86_64-linux-gnu/9/../../../x86_64-linux-gnu -L/usr/lib/gcc/x86_64-linux-gnu/9/../../../../lib -L/lib/x86_64-linux-gnu -L/lib/../lib -L/usr/lib/x86_64-linux-gnu -L/usr/lib/../lib -L/opt/intel/oneapi/tbb/2021.5.1/env/../lib/intel64/gcc4.8 -L/opt/intel/oneapi/mpi/2021.5.1//libfabric/lib -L/opt/intel/oneapi/mpi/2021.5.1//lib/release -L/opt/intel/oneapi/mpi/2021.5.1//lib -L/opt/intel/oneapi/mkl/2022.0.2/lib/intel64 -L/opt/intel/oneapi/ipp/2021.5.2/lib/intel64 -L/opt/intel/oneapi/ippcp/2021.5.1/lib/intel64 -L/opt/intel/oneapi/ipp/2021.5.2/lib/intel64 -L/opt/intel/oneapi/dnnl/2022.0.2/cpu_dpcpp_gpu_dpcpp/lib -L/opt/intel/oneapi/dal/2021.5.3/lib/intel64 -L/opt/intel/oneapi/compiler/2022.0.2/linux/compiler/lib/intel64_lin -L/opt/intel/oneapi/compiler/2022.0.2/linux/lib -L/opt/intel/oneapi/ccl/2021.5.1/lib/cpu_gpu_dpcpp -L/usr/lib/gcc/x86_64-linux-gnu/9/../../.. CMakeFiles/cmTC_56f36.dir/CMakeCXXCompilerABI.cpp.o -lstdc++ -lm -lgcc_s -lgcc -lc -lgcc_s -lgcc /usr/lib/gcc/x86_64-linux-gnu/9/crtendS.o /usr/lib/gcc/x86_64-linux-gnu/9/../../../x86_64-linux-gnu/crtn.o
COLLECT_GCC_OPTIONS='-O2' '-fPIC' '-march=native' '-mavx2' '-v' '-rdynamic' '-o' 'cmTC_56f36' '-shared-libgcc'
make[1]: Leaving directory '/home/quake/Projects/TStk/stk/build/CMakeFiles/CMakeTmp'



Parsed CXX implicit include dir info from above output: rv=done
  found start of include info
  found start of implicit include info
    add: [/opt/intel/oneapi/tbb/2021.5.1/env/../include]
    add: [/opt/intel/oneapi/mpi/2021.5.1//include]
    add: [/opt/intel/oneapi/mkl/2022.0.2/include]
    add: [/opt/intel/oneapi/ipp/2021.5.2/include]
    add: [/opt/intel/oneapi/ippcp/2021.5.1/include]
    add: [/opt/intel/oneapi/dpl/2021.6.0/linux/include]
    add: [/opt/intel/oneapi/dpcpp-ct/2022.0.0/include]
    add: [/opt/intel/oneapi/dnnl/2022.0.2/cpu_dpcpp_gpu_dpcpp/lib]
    add: [/opt/intel/oneapi/dev-utilities/2021.5.2/include]
    add: [/opt/intel/oneapi/dal/2021.5.3/include]
    add: [/opt/intel/oneapi/ccl/2021.5.1/include/cpu_gpu_dpcpp]
    add: [/usr/include/c++/9]
    add: [/usr/include/x86_64-linux-gnu/c++/9]
    add: [/usr/include/c++/9/backward]
    add: [/usr/lib/gcc/x86_64-linux-gnu/9/include]
    add: [/usr/local/include]
    add: [/usr/include/x86_64-linux-gnu]
    add: [/usr/include]
  end of search list found
  collapse include dir [/opt/intel/oneapi/tbb/2021.5.1/env/../include] ==> [/opt/intel/oneapi/tbb/2021.5.1/include]
  collapse include dir [/opt/intel/oneapi/mpi/2021.5.1//include] ==> [/opt/intel/oneapi/mpi/2021.5.1/include]
  collapse include dir [/opt/intel/oneapi/mkl/2022.0.2/include] ==> [/opt/intel/oneapi/mkl/2022.0.2/include]
  collapse include dir [/opt/intel/oneapi/ipp/2021.5.2/include] ==> [/opt/intel/oneapi/ipp/2021.5.2/include]
  collapse include dir [/opt/intel/oneapi/ippcp/2021.5.1/include] ==> [/opt/intel/oneapi/ippcp/2021.5.1/include]
  collapse include dir [/opt/intel/oneapi/dpl/2021.6.0/linux/include] ==> [/opt/intel/oneapi/dpl/2021.6.0/linux/include]
  collapse include dir [/opt/intel/oneapi/dpcpp-ct/2022.0.0/include] ==> [/opt/intel/oneapi/dpcpp-ct/2022.0.0/include]
  collapse include dir [/opt/intel/oneapi/dnnl/2022.0.2/cpu_dpcpp_gpu_dpcpp/lib] ==> [/opt/intel/oneapi/dnnl/2022.0.2/cpu_dpcpp_gpu_dpcpp/lib]
  collapse include dir [/opt/intel/oneapi/dev-utilities/2021.5.2/include] ==> [/opt/intel/oneapi/dev-utilities/2021.5.2/include]
  collapse include dir [/opt/intel/oneapi/dal/2021.5.3/include] ==> [/opt/intel/oneapi/dal/2021.5.3/include]
  collapse include dir [/opt/intel/oneapi/ccl/2021.5.1/include/cpu_gpu_dpcpp] ==> [/opt/intel/oneapi/ccl/2021.5.1/include/cpu_gpu_dpcpp]
  collapse include dir [/usr/include/c++/9] ==> [/usr/include/c++/9]
  collapse include dir [/usr/include/x86_64-linux-gnu/c++/9] ==> [/usr/include/x86_64-linux-gnu/c++/9]
  collapse include dir [/usr/include/c++/9/backward] ==> [/usr/include/c++/9/backward]
  collapse include dir [/usr/lib/gcc/x86_64-linux-gnu/9/include] ==> [/usr/lib/gcc/x86_64-linux-gnu/9/include]
  collapse include dir [/usr/local/include] ==> [/usr/local/include]
  collapse include dir [/usr/include/x86_64-linux-gnu] ==> [/usr/include/x86_64-linux-gnu]
  collapse include dir [/usr/include] ==> [/usr/include]
  implicit include dirs: [/opt/intel/oneapi/tbb/2021.5.1/include;/opt/intel/oneapi/mpi/2021.5.1/include;/opt/intel/oneapi/mkl/2022.0.2/include;/opt/intel/oneapi/ipp/2021.5.2/include;/opt/intel/oneapi/ippcp/2021.5.1/include;/opt/intel/oneapi/dpl/2021.6.0/linux/include;/opt/intel/oneapi/dpcpp-ct/2022.0.0/include;/opt/intel/oneapi/dnnl/2022.0.2/cpu_dpcpp_gpu_dpcpp/lib;/opt/intel/oneapi/dev-utilities/2021.5.2/include;/opt/intel/oneapi/dal/2021.5.3/include;/opt/intel/oneapi/ccl/2021.5.1/include/cpu_gpu_dpcpp;/usr/include/c++/9;/usr/include/x86_64-linux-gnu/c++/9;/usr/include/c++/9/backward;/usr/lib/gcc/x86_64-linux-gnu/9/include;/usr/local/include;/usr/include/x86_64-linux-gnu;/usr/include]


Parsed CXX implicit link information from above output:
  link line regex: [^( *|.*[/\])(ld|CMAKE_LINK_STARTFILE-NOTFOUND|([^/\]+-)?ld|collect2)[^/\]*( |$)]
  ignore line: [Change Dir: /home/quake/Projects/TStk/stk/build/CMakeFiles/CMakeTmp]
  ignore line: []
  ignore line: [Run Build Command(s):/usr/bin/make -f Makefile cmTC_56f36/fast && /usr/bin/make  -f CMakeFiles/cmTC_56f36.dir/build.make CMakeFiles/cmTC_56f36.dir/build]
  ignore line: [make[1]: Entering directory '/home/quake/Projects/TStk/stk/build/CMakeFiles/CMakeTmp']
  ignore line: [Building CXX object CMakeFiles/cmTC_56f36.dir/CMakeCXXCompilerABI.cpp.o]
  ignore line: [/usr/bin/c++   -O2 -fPIC -march=native -mavx2    -v -o CMakeFiles/cmTC_56f36.dir/CMakeCXXCompilerABI.cpp.o -c /usr/local/share/cmake-3.23/Modules/CMakeCXXCompilerABI.cpp]
  ignore line: [Using built-in specs.]
  ignore line: [COLLECT_GCC=/usr/bin/c++]
  ignore line: [OFFLOAD_TARGET_NAMES=nvptx-none:hsa]
  ignore line: [OFFLOAD_TARGET_DEFAULT=1]
  ignore line: [Target: x86_64-linux-gnu]
  ignore line: [Configured with: ../src/configure -v --with-pkgversion='Ubuntu 9.4.0-1ubuntu1~20.04.1' --with-bugurl=file:///usr/share/doc/gcc-9/README.Bugs --enable-languages=c ada c++ go brig d fortran objc obj-c++ gm2 --prefix=/usr --with-gcc-major-version-only --program-suffix=-9 --program-prefix=x86_64-linux-gnu- --enable-shared --enable-linker-build-id --libexecdir=/usr/lib --without-included-gettext --enable-threads=posix --libdir=/usr/lib --enable-nls --enable-clocale=gnu --enable-libstdcxx-debug --enable-libstdcxx-time=yes --with-default-libstdcxx-abi=new --enable-gnu-unique-object --disable-vtable-verify --enable-plugin --enable-default-pie --with-system-zlib --with-target-system-zlib=auto --enable-objc-gc=auto --enable-multiarch --disable-werror --with-arch-32=i686 --with-abi=m64 --with-multilib-list=m32 m64 mx32 --enable-multilib --with-tune=generic --enable-offload-targets=nvptx-none=/build/gcc-9-Av3uEd/gcc-9-9.4.0/debian/tmp-nvptx/usr hsa --without-cuda-driver --enable-checking=release --build=x86_64-linux-gnu --host=x86_64-linux-gnu --target=x86_64-linux-gnu]
  ignore line: [Thread model: posix]
  ignore line: [gcc version 9.4.0 (Ubuntu 9.4.0-1ubuntu1~20.04.1) ]
  ignore line: [COLLECT_GCC_OPTIONS='-O2' '-fPIC' '-march=native' '-mavx2' '-v' '-o' 'CMakeFiles/cmTC_56f36.dir/CMakeCXXCompilerABI.cpp.o' '-c' '-shared-libgcc']
  ignore line: [ /usr/lib/gcc/x86_64-linux-gnu/9/cc1plus -quiet -v -imultiarch x86_64-linux-gnu -D_GNU_SOURCE /usr/local/share/cmake-3.23/Modules/CMakeCXXCompilerABI.cpp -march=haswell -mmmx -mno-3dnow -msse -msse2 -msse3 -mssse3 -mno-sse4a -mcx16 -msahf -mmovbe -maes -mno-sha -mpclmul -mpopcnt -mabm -mno-lwp -mfma -mno-fma4 -mno-xop -mbmi -mno-sgx -mbmi2 -mno-pconfig -mno-wbnoinvd -mno-tbm -mavx -mavx2 -msse4.2 -msse4.1 -mlzcnt -mno-rtm -mno-hle -mrdrnd -mf16c -mfsgsbase -mno-rdseed -mno-prfchw -mno-adx -mfxsr -mxsave -mxsaveopt -mno-avx512f -mno-avx512er -mno-avx512cd -mno-avx512pf -mno-prefetchwt1 -mno-clflushopt -mno-xsavec -mno-xsaves -mno-avx512dq -mno-avx512bw -mno-avx512vl -mno-avx512ifma -mno-avx512vbmi -mno-avx5124fmaps -mno-avx5124vnniw -mno-clwb -mno-mwaitx -mno-clzero -mno-pku -mno-rdpid -mno-gfni -mno-shstk -mno-avx512vbmi2 -mno-avx512vnni -mno-vaes -mno-vpclmulqdq -mno-avx512bitalg -mno-avx512vpopcntdq -mno-movdiri -mno-movdir64b -mno-waitpkg -mno-cldemote -mno-ptwrite --param l1-cache-size=32 --param l1-cache-line-size=64 --param l2-cache-size=10240 -mtune=haswell -quiet -dumpbase CMakeCXXCompilerABI.cpp -mavx2 -auxbase-strip CMakeFiles/cmTC_56f36.dir/CMakeCXXCompilerABI.cpp.o -O2 -version -fPIC -fasynchronous-unwind-tables -fstack-protector-strong -Wformat -Wformat-security -fstack-clash-protection -fcf-protection -o /tmp/cc4G8IQi.s]
  ignore line: [GNU C++14 (Ubuntu 9.4.0-1ubuntu1~20.04.1) version 9.4.0 (x86_64-linux-gnu)]
  ignore line: [	compiled by GNU C version 9.4.0  GMP version 6.2.0  MPFR version 4.0.2  MPC version 1.1.0  isl version isl-0.22.1-GMP]
  ignore line: []
  ignore line: [GGC heuristics: --param ggc-min-expand=100 --param ggc-min-heapsize=131072]
  ignore line: [ignoring duplicate directory "/usr/include/x86_64-linux-gnu/c++/9"]
  ignore line: [ignoring nonexistent directory "/usr/local/include/x86_64-linux-gnu"]
  ignore line: [ignoring nonexistent directory "/usr/lib/gcc/x86_64-linux-gnu/9/include-fixed"]
  ignore line: [ignoring nonexistent directory "/usr/lib/gcc/x86_64-linux-gnu/9/../../../../x86_64-linux-gnu/include"]
  ignore line: [ignoring duplicate directory "/opt/intel/oneapi/ipp/2021.5.2/include"]
  ignore line: [#include "..." search starts here:]
  ignore line: [#include <...> search starts here:]
  ignore line: [ /opt/intel/oneapi/tbb/2021.5.1/env/../include]
  ignore line: [ /opt/intel/oneapi/mpi/2021.5.1//include]
  ignore line: [ /opt/intel/oneapi/mkl/2022.0.2/include]
  ignore line: [ /opt/intel/oneapi/ipp/2021.5.2/include]
  ignore line: [ /opt/intel/oneapi/ippcp/2021.5.1/include]
  ignore line: [ /opt/intel/oneapi/dpl/2021.6.0/linux/include]
  ignore line: [ /opt/intel/oneapi/dpcpp-ct/2022.0.0/include]
  ignore line: [ /opt/intel/oneapi/dnnl/2022.0.2/cpu_dpcpp_gpu_dpcpp/lib]
  ignore line: [ /opt/intel/oneapi/dev-utilities/2021.5.2/include]
  ignore line: [ /opt/intel/oneapi/dal/2021.5.3/include]
  ignore line: [ /opt/intel/oneapi/ccl/2021.5.1/include/cpu_gpu_dpcpp]
  ignore line: [ /usr/include/c++/9]
  ignore line: [ /usr/include/x86_64-linux-gnu/c++/9]
  ignore line: [ /usr/include/c++/9/backward]
  ignore line: [ /usr/lib/gcc/x86_64-linux-gnu/9/include]
  ignore line: [ /usr/local/include]
  ignore line: [ /usr/include/x86_64-linux-gnu]
  ignore line: [ /usr/include]
  ignore line: [End of search list.]
  ignore line: [GNU C++14 (Ubuntu 9.4.0-1ubuntu1~20.04.1) version 9.4.0 (x86_64-linux-gnu)]
  ignore line: [	compiled by GNU C version 9.4.0  GMP version 6.2.0  MPFR version 4.0.2  MPC version 1.1.0  isl version isl-0.22.1-GMP]
  ignore line: []
  ignore line: [GGC heuristics: --param ggc-min-expand=100 --param ggc-min-heapsize=131072]
  ignore line: [Compiler executable checksum: 65fe925b83d3956b533de4aaba7dace0]
  ignore line: [COLLECT_GCC_OPTIONS='-O2' '-fPIC' '-march=native' '-mavx2' '-v' '-o' 'CMakeFiles/cmTC_56f36.dir/CMakeCXXCompilerABI.cpp.o' '-c' '-shared-libgcc']
  ignore line: [ as -v --64 -o CMakeFiles/cmTC_56f36.dir/CMakeCXXCompilerABI.cpp.o /tmp/cc4G8IQi.s]
  ignore line: [GNU assembler version 2.34 (x86_64-linux-gnu) using BFD version (GNU Binutils for Ubuntu) 2.34]
  ignore line: [COMPILER_PATH=/usr/lib/gcc/x86_64-linux-gnu/9/:/usr/lib/gcc/x86_64-linux-gnu/9/:/usr/lib/gcc/x86_64-linux-gnu/:/usr/lib/gcc/x86_64-linux-gnu/9/:/usr/lib/gcc/x86_64-linux-gnu/]
  ignore line: [LIBRARY_PATH=/opt/intel/oneapi/mpi/2021.5.1//libfabric/lib/../lib/:/opt/intel/oneapi/mpi/2021.5.1//lib/../lib/:/opt/intel/oneapi/dnnl/2022.0.2/cpu_dpcpp_gpu_dpcpp/lib/../lib/:/opt/intel/oneapi/compiler/2022.0.2/linux/lib/../lib/:/usr/lib/gcc/x86_64-linux-gnu/9/:/usr/lib/gcc/x86_64-linux-gnu/9/../../../x86_64-linux-gnu/:/usr/lib/gcc/x86_64-linux-gnu/9/../../../../lib/:/lib/x86_64-linux-gnu/:/lib/../lib/:/usr/lib/x86_64-linux-gnu/:/usr/lib/../lib/:/opt/intel/oneapi/tbb/2021.5.1/env/../lib/intel64/gcc4.8/:/opt/intel/oneapi/mpi/2021.5.1//libfabric/lib/:/opt/intel/oneapi/mpi/2021.5.1//lib/release/:/opt/intel/oneapi/mpi/2021.5.1//lib/:/opt/intel/oneapi/mkl/2022.0.2/lib/intel64/:/opt/intel/oneapi/ipp/2021.5.2/lib/intel64/:/opt/intel/oneapi/ippcp/2021.5.1/lib/intel64/:/opt/intel/oneapi/ipp/2021.5.2/lib/intel64/:/opt/intel/oneapi/dnnl/2022.0.2/cpu_dpcpp_gpu_dpcpp/lib/:/opt/intel/oneapi/dal/2021.5.3/lib/intel64/:/opt/intel/oneapi/compiler/2022.0.2/linux/compiler/lib/intel64_lin/:/opt/intel/oneapi/compiler/2022.0.2/linux/lib/:/opt/intel/oneapi/ccl/2021.5.1/lib/cpu_gpu_dpcpp/:/usr/lib/gcc/x86_64-linux-gnu/9/../../../:/lib/:/usr/lib/]
  ignore line: [COLLECT_GCC_OPTIONS='-O2' '-fPIC' '-march=native' '-mavx2' '-v' '-o' 'CMakeFiles/cmTC_56f36.dir/CMakeCXXCompilerABI.cpp.o' '-c' '-shared-libgcc']
  ignore line: [Linking CXX executable cmTC_56f36]
  ignore line: [/usr/local/bin/cmake -E cmake_link_script CMakeFiles/cmTC_56f36.dir/link.txt --verbose=1]
  ignore line: [/usr/bin/c++ -O2 -fPIC -march=native -mavx2   -v -rdynamic CMakeFiles/cmTC_56f36.dir/CMakeCXXCompilerABI.cpp.o -o cmTC_56f36 ]
  ignore line: [Using built-in specs.]
  ignore line: [COLLECT_GCC=/usr/bin/c++]
  ignore line: [COLLECT_LTO_WRAPPER=/usr/lib/gcc/x86_64-linux-gnu/9/lto-wrapper]
  ignore line: [OFFLOAD_TARGET_NAMES=nvptx-none:hsa]
  ignore line: [OFFLOAD_TARGET_DEFAULT=1]
  ignore line: [Target: x86_64-linux-gnu]
  ignore line: [Configured with: ../src/configure -v --with-pkgversion='Ubuntu 9.4.0-1ubuntu1~20.04.1' --with-bugurl=file:///usr/share/doc/gcc-9/README.Bugs --enable-languages=c ada c++ go brig d fortran objc obj-c++ gm2 --prefix=/usr --with-gcc-major-version-only --program-suffix=-9 --program-prefix=x86_64-linux-gnu- --enable-shared --enable-linker-build-id --libexecdir=/usr/lib --without-included-gettext --enable-threads=posix --libdir=/usr/lib --enable-nls --enable-clocale=gnu --enable-libstdcxx-debug --enable-libstdcxx-time=yes --with-default-libstdcxx-abi=new --enable-gnu-unique-object --disable-vtable-verify --enable-plugin --enable-default-pie --with-system-zlib --with-target-system-zlib=auto --enable-objc-gc=auto --enable-multiarch --disable-werror --with-arch-32=i686 --with-abi=m64 --with-multilib-list=m32 m64 mx32 --enable-multilib --with-tune=generic --enable-offload-targets=nvptx-none=/build/gcc-9-Av3uEd/gcc-9-9.4.0/debian/tmp-nvptx/usr hsa --without-cuda-driver --enable-checking=release --build=x86_64-linux-gnu --host=x86_64-linux-gnu --target=x86_64-linux-gnu]
  ignore line: [Thread model: posix]
  ignore line: [gcc version 9.4.0 (Ubuntu 9.4.0-1ubuntu1~20.04.1) ]
  ignore line: [COMPILER_PATH=/usr/lib/gcc/x86_64-linux-gnu/9/:/usr/lib/gcc/x86_64-linux-gnu/9/:/usr/lib/gcc/x86_64-linux-gnu/:/usr/lib/gcc/x86_64-linux-gnu/9/:/usr/lib/gcc/x86_64-linux-gnu/]
  ignore line: [LIBRARY_PATH=/opt/intel/oneapi/mpi/2021.5.1//libfabric/lib/../lib/:/opt/intel/oneapi/mpi/2021.5.1//lib/../lib/:/opt/intel/oneapi/dnnl/2022.0.2/cpu_dpcpp_gpu_dpcpp/lib/../lib/:/opt/intel/oneapi/compiler/2022.0.2/linux/lib/../lib/:/usr/lib/gcc/x86_64-linux-gnu/9/:/usr/lib/gcc/x86_64-linux-gnu/9/../../../x86_64-linux-gnu/:/usr/lib/gcc/x86_64-linux-gnu/9/../../../../lib/:/lib/x86_64-linux-gnu/:/lib/../lib/:/usr/lib/x86_64-linux-gnu/:/usr/lib/../lib/:/opt/intel/oneapi/tbb/2021.5.1/env/../lib/intel64/gcc4.8/:/opt/intel/oneapi/mpi/2021.5.1//libfabric/lib/:/opt/intel/oneapi/mpi/2021.5.1//lib/release/:/opt/intel/oneapi/mpi/2021.5.1//lib/:/opt/intel/oneapi/mkl/2022.0.2/lib/intel64/:/opt/intel/oneapi/ipp/2021.5.2/lib/intel64/:/opt/intel/oneapi/ippcp/2021.5.1/lib/intel64/:/opt/intel/oneapi/ipp/2021.5.2/lib/intel64/:/opt/intel/oneapi/dnnl/2022.0.2/cpu_dpcpp_gpu_dpcpp/lib/:/opt/intel/oneapi/dal/2021.5.3/lib/intel64/:/opt/intel/oneapi/compiler/2022.0.2/linux/compiler/lib/intel64_lin/:/opt/intel/oneapi/compiler/2022.0.2/linux/lib/:/opt/intel/oneapi/ccl/2021.5.1/lib/cpu_gpu_dpcpp/:/usr/lib/gcc/x86_64-linux-gnu/9/../../../:/lib/:/usr/lib/]
  ignore line: [COLLECT_GCC_OPTIONS='-O2' '-fPIC' '-march=native' '-mavx2' '-v' '-rdynamic' '-o' 'cmTC_56f36' '-shared-libgcc']
  link line: [ /usr/lib/gcc/x86_64-linux-gnu/9/collect2 -plugin /usr/lib/gcc/x86_64-linux-gnu/9/liblto_plugin.so -plugin-opt=/usr/lib/gcc/x86_64-linux-gnu/9/lto-wrapper -plugin-opt=-fresolution=/tmp/ccFEMMNM.res -plugin-opt=-pass-through=-lgcc_s -plugin-opt=-pass-through=-lgcc -plugin-opt=-pass-through=-lc -plugin-opt=-pass-through=-lgcc_s -plugin-opt=-pass-through=-lgcc --build-id --eh-frame-hdr -m elf_x86_64 --hash-style=gnu --as-needed -export-dynamic -dynamic-linker /lib64/ld-linux-x86-64.so.2 -pie -z now -z relro -o cmTC_56f36 /usr/lib/gcc/x86_64-linux-gnu/9/../../../x86_64-linux-gnu/Scrt1.o /usr/lib/gcc/x86_64-linux-gnu/9/../../../x86_64-linux-gnu/crti.o /usr/lib/gcc/x86_64-linux-gnu/9/crtbeginS.o -L/opt/intel/oneapi/mpi/2021.5.1//libfabric/lib/../lib -L/opt/intel/oneapi/mpi/2021.5.1//lib/../lib -L/opt/intel/oneapi/dnnl/2022.0.2/cpu_dpcpp_gpu_dpcpp/lib/../lib -L/opt/intel/oneapi/compiler/2022.0.2/linux/lib/../lib -L/usr/lib/gcc/x86_64-linux-gnu/9 -L/usr/lib/gcc/x86_64-linux-gnu/9/../../../x86_64-linux-gnu -L/usr/lib/gcc/x86_64-linux-gnu/9/../../../../lib -L/lib/x86_64-linux-gnu -L/lib/../lib -L/usr/lib/x86_64-linux-gnu -L/usr/lib/../lib -L/opt/intel/oneapi/tbb/2021.5.1/env/../lib/intel64/gcc4.8 -L/opt/intel/oneapi/mpi/2021.5.1//libfabric/lib -L/opt/intel/oneapi/mpi/2021.5.1//lib/release -L/opt/intel/oneapi/mpi/2021.5.1//lib -L/opt/intel/oneapi/mkl/2022.0.2/lib/intel64 -L/opt/intel/oneapi/ipp/2021.5.2/lib/intel64 -L/opt/intel/oneapi/ippcp/2021.5.1/lib/intel64 -L/opt/intel/oneapi/ipp/2021.5.2/lib/intel64 -L/opt/intel/oneapi/dnnl/2022.0.2/cpu_dpcpp_gpu_dpcpp/lib -L/opt/intel/oneapi/dal/2021.5.3/lib/intel64 -L/opt/intel/oneapi/compiler/2022.0.2/linux/compiler/lib/intel64_lin -L/opt/intel/oneapi/compiler/2022.0.2/linux/lib -L/opt/intel/oneapi/ccl/2021.5.1/lib/cpu_gpu_dpcpp -L/usr/lib/gcc/x86_64-linux-gnu/9/../../.. CMakeFiles/cmTC_56f36.dir/CMakeCXXCompilerABI.cpp.o -lstdc++ -lm -lgcc_s -lgcc -lc -lgcc_s -lgcc /usr/lib/gcc/x86_64-linux-gnu/9/crtendS.o /usr/lib/gcc/x86_64-linux-gnu/9/../../../x86_64-linux-gnu/crtn.o]
    arg [/usr/lib/gcc/x86_64-linux-gnu/9/collect2] ==> ignore
    arg [-plugin] ==> ignore
    arg [/usr/lib/gcc/x86_64-linux-gnu/9/liblto_plugin.so] ==> ignore
    arg [-plugin-opt=/usr/lib/gcc/x86_64-linux-gnu/9/lto-wrapper] ==> ignore
    arg [-plugin-opt=-fresolution=/tmp/ccFEMMNM.res] ==> ignore
    arg [-plugin-opt=-pass-through=-lgcc_s] ==> ignore
    arg [-plugin-opt=-pass-through=-lgcc] ==> ignore
    arg [-plugin-opt=-pass-through=-lc] ==> ignore
    arg [-plugin-opt=-pass-through=-lgcc_s] ==> ignore
    arg [-plugin-opt=-pass-through=-lgcc] ==> ignore
    arg [--build-id] ==> ignore
    arg [--eh-frame-hdr] ==> ignore
    arg [-m] ==> ignore
    arg [elf_x86_64] ==> ignore
    arg [--hash-style=gnu] ==> ignore
    arg [--as-needed] ==> ignore
    arg [-export-dynamic] ==> ignore
    arg [-dynamic-linker] ==> ignore
    arg [/lib64/ld-linux-x86-64.so.2] ==> ignore
    arg [-pie] ==> ignore
    arg [-znow] ==> ignore
    arg [-zrelro] ==> ignore
    arg [-o] ==> ignore
    arg [cmTC_56f36] ==> ignore
    arg [/usr/lib/gcc/x86_64-linux-gnu/9/../../../x86_64-linux-gnu/Scrt1.o] ==> obj [/usr/lib/gcc/x86_64-linux-gnu/9/../../../x86_64-linux-gnu/Scrt1.o]
    arg [/usr/lib/gcc/x86_64-linux-gnu/9/../../../x86_64-linux-gnu/crti.o] ==> obj [/usr/lib/gcc/x86_64-linux-gnu/9/../../../x86_64-linux-gnu/crti.o]
    arg [/usr/lib/gcc/x86_64-linux-gnu/9/crtbeginS.o] ==> obj [/usr/lib/gcc/x86_64-linux-gnu/9/crtbeginS.o]
    arg [-L/opt/intel/oneapi/mpi/2021.5.1//libfabric/lib/../lib] ==> dir [/opt/intel/oneapi/mpi/2021.5.1//libfabric/lib/../lib]
    arg [-L/opt/intel/oneapi/mpi/2021.5.1//lib/../lib] ==> dir [/opt/intel/oneapi/mpi/2021.5.1//lib/../lib]
    arg [-L/opt/intel/oneapi/dnnl/2022.0.2/cpu_dpcpp_gpu_dpcpp/lib/../lib] ==> dir [/opt/intel/oneapi/dnnl/2022.0.2/cpu_dpcpp_gpu_dpcpp/lib/../lib]
    arg [-L/opt/intel/oneapi/compiler/2022.0.2/linux/lib/../lib] ==> dir [/opt/intel/oneapi/compiler/2022.0.2/linux/lib/../lib]
    arg [-L/usr/lib/gcc/x86_64-linux-gnu/9] ==> dir [/usr/lib/gcc/x86_64-linux-gnu/9]
    arg [-L/usr/lib/gcc/x86_64-linux-gnu/9/../../../x86_64-linux-gnu] ==> dir [/usr/lib/gcc/x86_64-linux-gnu/9/../../../x86_64-linux-gnu]
    arg [-L/usr/lib/gcc/x86_64-linux-gnu/9/../../../../lib] ==> dir [/usr/lib/gcc/x86_64-linux-gnu/9/../../../../lib]
    arg [-L/lib/x86_64-linux-gnu] ==> dir [/lib/x86_64-linux-gnu]
    arg [-L/lib/../lib] ==> dir [/lib/../lib]
    arg [-L/usr/lib/x86_64-linux-gnu] ==> dir [/usr/lib/x86_64-linux-gnu]
    arg [-L/usr/lib/../lib] ==> dir [/usr/lib/../lib]
    arg [-L/opt/intel/oneapi/tbb/2021.5.1/env/../lib/intel64/gcc4.8] ==> dir [/opt/intel/oneapi/tbb/2021.5.1/env/../lib/intel64/gcc4.8]
    arg [-L/opt/intel/oneapi/mpi/2021.5.1//libfabric/lib] ==> dir [/opt/intel/oneapi/mpi/2021.5.1//libfabric/lib]
    arg [-L/opt/intel/oneapi/mpi/2021.5.1//lib/release] ==> dir [/opt/intel/oneapi/mpi/2021.5.1//lib/release]
    arg [-L/opt/intel/oneapi/mpi/2021.5.1//lib] ==> dir [/opt/intel/oneapi/mpi/2021.5.1//lib]
    arg [-L/opt/intel/oneapi/mkl/2022.0.2/lib/intel64] ==> dir [/opt/intel/oneapi/mkl/2022.0.2/lib/intel64]
    arg [-L/opt/intel/oneapi/ipp/2021.5.2/lib/intel64] ==> dir [/opt/intel/oneapi/ipp/2021.5.2/lib/intel64]
    arg [-L/opt/intel/oneapi/ippcp/2021.5.1/lib/intel64] ==> dir [/opt/intel/oneapi/ippcp/2021.5.1/lib/intel64]
    arg [-L/opt/intel/oneapi/ipp/2021.5.2/lib/intel64] ==> dir [/opt/intel/oneapi/ipp/2021.5.2/lib/intel64]
    arg [-L/opt/intel/oneapi/dnnl/2022.0.2/cpu_dpcpp_gpu_dpcpp/lib] ==> dir [/opt/intel/oneapi/dnnl/2022.0.2/cpu_dpcpp_gpu_dpcpp/lib]
    arg [-L/opt/intel/oneapi/dal/2021.5.3/lib/intel64] ==> dir [/opt/intel/oneapi/dal/2021.5.3/lib/intel64]
    arg [-L/opt/intel/oneapi/compiler/2022.0.2/linux/compiler/lib/intel64_lin] ==> dir [/opt/intel/oneapi/compiler/2022.0.2/linux/compiler/lib/intel64_lin]
    arg [-L/opt/intel/oneapi/compiler/2022.0.2/linux/lib] ==> dir [/opt/intel/oneapi/compiler/2022.0.2/linux/lib]
    arg [-L/opt/intel/oneapi/ccl/2021.5.1/lib/cpu_gpu_dpcpp] ==> dir [/opt/intel/oneapi/ccl/2021.5.1/lib/cpu_gpu_dpcpp]
    arg [-L/usr/lib/gcc/x86_64-linux-gnu/9/../../..] ==> dir [/usr/lib/gcc/x86_64-linux-gnu/9/../../..]
    arg [CMakeFiles/cmTC_56f36.dir/CMakeCXXCompilerABI.cpp.o] ==> ignore
    arg [-lstdc++] ==> lib [stdc++]
    arg [-lm] ==> lib [m]
    arg [-lgcc_s] ==> lib [gcc_s]
    arg [-lgcc] ==> lib [gcc]
    arg [-lc] ==> lib [c]
    arg [-lgcc_s] ==> lib [gcc_s]
    arg [-lgcc] ==> lib [gcc]
    arg [/usr/lib/gcc/x86_64-linux-gnu/9/crtendS.o] ==> obj [/usr/lib/gcc/x86_64-linux-gnu/9/crtendS.o]
    arg [/usr/lib/gcc/x86_64-linux-gnu/9/../../../x86_64-linux-gnu/crtn.o] ==> obj [/usr/lib/gcc/x86_64-linux-gnu/9/../../../x86_64-linux-gnu/crtn.o]
  collapse obj [/usr/lib/gcc/x86_64-linux-gnu/9/../../../x86_64-linux-gnu/Scrt1.o] ==> [/usr/lib/x86_64-linux-gnu/Scrt1.o]
  collapse obj [/usr/lib/gcc/x86_64-linux-gnu/9/../../../x86_64-linux-gnu/crti.o] ==> [/usr/lib/x86_64-linux-gnu/crti.o]
  collapse obj [/usr/lib/gcc/x86_64-linux-gnu/9/../../../x86_64-linux-gnu/crtn.o] ==> [/usr/lib/x86_64-linux-gnu/crtn.o]
  collapse library dir [/opt/intel/oneapi/mpi/2021.5.1//libfabric/lib/../lib] ==> [/opt/intel/oneapi/mpi/2021.5.1/libfabric/lib]
  collapse library dir [/opt/intel/oneapi/mpi/2021.5.1//lib/../lib] ==> [/opt/intel/oneapi/mpi/2021.5.1/lib]
  collapse library dir [/opt/intel/oneapi/dnnl/2022.0.2/cpu_dpcpp_gpu_dpcpp/lib/../lib] ==> [/opt/intel/oneapi/dnnl/2022.0.2/cpu_dpcpp_gpu_dpcpp/lib]
  collapse library dir [/opt/intel/oneapi/compiler/2022.0.2/linux/lib/../lib] ==> [/opt/intel/oneapi/compiler/2022.0.2/linux/lib]
  collapse library dir [/usr/lib/gcc/x86_64-linux-gnu/9] ==> [/usr/lib/gcc/x86_64-linux-gnu/9]
  collapse library dir [/usr/lib/gcc/x86_64-linux-gnu/9/../../../x86_64-linux-gnu] ==> [/usr/lib/x86_64-linux-gnu]
  collapse library dir [/usr/lib/gcc/x86_64-linux-gnu/9/../../../../lib] ==> [/usr/lib]
  collapse library dir [/lib/x86_64-linux-gnu] ==> [/lib/x86_64-linux-gnu]
  collapse library dir [/lib/../lib] ==> [/lib]
  collapse library dir [/usr/lib/x86_64-linux-gnu] ==> [/usr/lib/x86_64-linux-gnu]
  collapse library dir [/usr/lib/../lib] ==> [/usr/lib]
  collapse library dir [/opt/intel/oneapi/tbb/2021.5.1/env/../lib/intel64/gcc4.8] ==> [/opt/intel/oneapi/tbb/2021.5.1/lib/intel64/gcc4.8]
  collapse library dir [/opt/intel/oneapi/mpi/2021.5.1//libfabric/lib] ==> [/opt/intel/oneapi/mpi/2021.5.1/libfabric/lib]
  collapse library dir [/opt/intel/oneapi/mpi/2021.5.1//lib/release] ==> [/opt/intel/oneapi/mpi/2021.5.1/lib/release]
  collapse library dir [/opt/intel/oneapi/mpi/2021.5.1//lib] ==> [/opt/intel/oneapi/mpi/2021.5.1/lib]
  collapse library dir [/opt/intel/oneapi/mkl/2022.0.2/lib/intel64] ==> [/opt/intel/oneapi/mkl/2022.0.2/lib/intel64]
  collapse library dir [/opt/intel/oneapi/ipp/2021.5.2/lib/intel64] ==> [/opt/intel/oneapi/ipp/2021.5.2/lib/intel64]
  collapse library dir [/opt/intel/oneapi/ippcp/2021.5.1/lib/intel64] ==> [/opt/intel/oneapi/ippcp/2021.5.1/lib/intel64]
  collapse library dir [/opt/intel/oneapi/ipp/2021.5.2/lib/intel64] ==> [/opt/intel/oneapi/ipp/2021.5.2/lib/intel64]
  collapse library dir [/opt/intel/oneapi/dnnl/2022.0.2/cpu_dpcpp_gpu_dpcpp/lib] ==> [/opt/intel/oneapi/dnnl/2022.0.2/cpu_dpcpp_gpu_dpcpp/lib]
  collapse library dir [/opt/intel/oneapi/dal/2021.5.3/lib/intel64] ==> [/opt/intel/oneapi/dal/2021.5.3/lib/intel64]
  collapse library dir [/opt/intel/oneapi/compiler/2022.0.2/linux/compiler/lib/intel64_lin] ==> [/opt/intel/oneapi/compiler/2022.0.2/linux/compiler/lib/intel64_lin]
  collapse library dir [/opt/intel/oneapi/compiler/2022.0.2/linux/lib] ==> [/opt/intel/oneapi/compiler/2022.0.2/linux/lib]
  collapse library dir [/opt/intel/oneapi/ccl/2021.5.1/lib/cpu_gpu_dpcpp] ==> [/opt/intel/oneapi/ccl/2021.5.1/lib/cpu_gpu_dpcpp]
  collapse library dir [/usr/lib/gcc/x86_64-linux-gnu/9/../../..] ==> [/usr/lib]
  implicit libs: [stdc++;m;gcc_s;gcc;c;gcc_s;gcc]
  implicit objs: [/usr/lib/x86_64-linux-gnu/Scrt1.o;/usr/lib/x86_64-linux-gnu/crti.o;/usr/lib/gcc/x86_64-linux-gnu/9/crtbeginS.o;/usr/lib/gcc/x86_64-linux-gnu/9/crtendS.o;/usr/lib/x86_64-linux-gnu/crtn.o]
  implicit dirs: [/opt/intel/oneapi/mpi/2021.5.1/libfabric/lib;/opt/intel/oneapi/mpi/2021.5.1/lib;/opt/intel/oneapi/dnnl/2022.0.2/cpu_dpcpp_gpu_dpcpp/lib;/opt/intel/oneapi/compiler/2022.0.2/linux/lib;/usr/lib/gcc/x86_64-linux-gnu/9;/usr/lib/x86_64-linux-gnu;/usr/lib;/lib/x86_64-linux-gnu;/lib;/opt/intel/oneapi/tbb/2021.5.1/lib/intel64/gcc4.8;/opt/intel/oneapi/mpi/2021.5.1/lib/release;/opt/intel/oneapi/mkl/2022.0.2/lib/intel64;/opt/intel/oneapi/ipp/2021.5.2/lib/intel64;/opt/intel/oneapi/ippcp/2021.5.1/lib/intel64;/opt/intel/oneapi/dal/2021.5.3/lib/intel64;/opt/intel/oneapi/compiler/2022.0.2/linux/compiler/lib/intel64_lin;/opt/intel/oneapi/ccl/2021.5.1/lib/cpu_gpu_dpcpp]
  implicit fwks: []


Determining if the include file pthread.h exists passed with the following output:
Change Dir: /home/quake/Projects/TStk/stk/build/CMakeFiles/CMakeTmp

Run Build Command(s):/usr/bin/make -f Makefile cmTC_36232/fast && /usr/bin/make  -f CMakeFiles/cmTC_36232.dir/build.make CMakeFiles/cmTC_36232.dir/build
make[1]: Entering directory '/home/quake/Projects/TStk/stk/build/CMakeFiles/CMakeTmp'
Building C object CMakeFiles/cmTC_36232.dir/CheckIncludeFile.c.o
/usr/bin/cc   -O2 -fPIC -march=native -mavx2  -o CMakeFiles/cmTC_36232.dir/CheckIncludeFile.c.o -c /home/quake/Projects/TStk/stk/build/CMakeFiles/CMakeTmp/CheckIncludeFile.c
Linking C executable cmTC_36232
/usr/local/bin/cmake -E cmake_link_script CMakeFiles/cmTC_36232.dir/link.txt --verbose=1
/usr/bin/cc -O2 -fPIC -march=native -mavx2  -rdynamic CMakeFiles/cmTC_36232.dir/CheckIncludeFile.c.o -o cmTC_36232 
make[1]: Leaving directory '/home/quake/Projects/TStk/stk/build/CMakeFiles/CMakeTmp'



